Performing C SOURCE FILE Test HAVE_GCC_PROTECTED_VISIBILITY failed with the following output:
Change Dir: /Users/muresanvladmihail/Programming/CLove/build_android/CMakeFiles/CMakeTmp

Run Build Command:"/usr/bin/make" "cmTC_71616/fast"
/Library/Developer/CommandLineTools/usr/bin/make -f CMakeFiles/cmTC_71616.dir/build.make CMakeFiles/cmTC_71616.dir/build
Building C object CMakeFiles/cmTC_71616.dir/src.c.o
/Library/Developer/CommandLineTools/usr/bin/cc    -std=c99  -O2 -g -DNDEBUG -DANDROID_NDK -DDISABLE_IMPORTGL -DHAVE_GCC_PROTECTED_VISIBILITY  -D_GNU_SOURCE=1 -D_POSIX_C_SOURCE=200809L -D_XOPEN_SOURCE=700 -Wattributes -Werror   -o CMakeFiles/cmTC_71616.dir/src.c.o   -c /Users/muresanvladmihail/Programming/CLove/build_android/CMakeFiles/CMakeTmp/src.c
/Users/muresanvladmihail/Programming/CLove/build_android/CMakeFiles/CMakeTmp/src.c:1:26: error: target does not support 'protected' visibility; using 'default' [-Werror,-Wunsupported-visibility]
int foo() __attribute__((visibility("protected")));
                         ^
1 error generated.
make[1]: *** [CMakeFiles/cmTC_71616.dir/src.c.o] Error 1
make: *** [cmTC_71616/fast] Error 2

Source file was:
int foo() __attribute__((visibility("protected")));
                             int main() {return 0;}
Determining if the include file malloc.h exists failed with the following output:
Change Dir: /Users/muresanvladmihail/Programming/CLove/build_android/CMakeFiles/CMakeTmp

Run Build Command:"/usr/bin/make" "cmTC_e46a1/fast"
/Library/Developer/CommandLineTools/usr/bin/make -f CMakeFiles/cmTC_e46a1.dir/build.make CMakeFiles/cmTC_e46a1.dir/build
Building C object CMakeFiles/cmTC_e46a1.dir/CheckIncludeFile.c.o
/Library/Developer/CommandLineTools/usr/bin/cc    -std=c99  -O2 -g -DNDEBUG -DANDROID_NDK -DDISABLE_IMPORTGL  -D_GNU_SOURCE=1 -D_POSIX_C_SOURCE=200809L -D_XOPEN_SOURCE=700   -o CMakeFiles/cmTC_e46a1.dir/CheckIncludeFile.c.o   -c /Users/muresanvladmihail/Programming/CLove/build_android/CMakeFiles/CMakeTmp/CheckIncludeFile.c
/Users/muresanvladmihail/Programming/CLove/build_android/CMakeFiles/CMakeTmp/CheckIncludeFile.c:1:10: fatal error: 'malloc.h' file not found
#include <malloc.h>
         ^
1 error generated.
make[1]: *** [CMakeFiles/cmTC_e46a1.dir/CheckIncludeFile.c.o] Error 1
make: *** [cmTC_e46a1/fast] Error 2


Determining if the include file io.h exists failed with the following output:
Change Dir: /Users/muresanvladmihail/Programming/CLove/build_android/CMakeFiles/CMakeTmp

Run Build Command:"/usr/bin/make" "cmTC_53732/fast"
/Library/Developer/CommandLineTools/usr/bin/make -f CMakeFiles/cmTC_53732.dir/build.make CMakeFiles/cmTC_53732.dir/build
Building C object CMakeFiles/cmTC_53732.dir/CheckIncludeFile.c.o
/Library/Developer/CommandLineTools/usr/bin/cc    -std=c99  -O2 -g -DNDEBUG -DANDROID_NDK -DDISABLE_IMPORTGL  -D_GNU_SOURCE=1 -D_POSIX_C_SOURCE=200809L -D_XOPEN_SOURCE=700   -o CMakeFiles/cmTC_53732.dir/CheckIncludeFile.c.o   -c /Users/muresanvladmihail/Programming/CLove/build_android/CMakeFiles/CMakeTmp/CheckIncludeFile.c
/Users/muresanvladmihail/Programming/CLove/build_android/CMakeFiles/CMakeTmp/CheckIncludeFile.c:1:10: fatal error: 'io.h' file not found
#include <io.h>
         ^
1 error generated.
make[1]: *** [CMakeFiles/cmTC_53732.dir/CheckIncludeFile.c.o] Error 1
make: *** [cmTC_53732/fast] Error 2


Determining if the include file sys/sysconf.h exists failed with the following output:
Change Dir: /Users/muresanvladmihail/Programming/CLove/build_android/CMakeFiles/CMakeTmp

Run Build Command:"/usr/bin/make" "cmTC_f7530/fast"
/Library/Developer/CommandLineTools/usr/bin/make -f CMakeFiles/cmTC_f7530.dir/build.make CMakeFiles/cmTC_f7530.dir/build
Building C object CMakeFiles/cmTC_f7530.dir/CheckIncludeFile.c.o
/Library/Developer/CommandLineTools/usr/bin/cc    -std=c99  -O2 -g -DNDEBUG -DANDROID_NDK -DDISABLE_IMPORTGL  -D_GNU_SOURCE=1 -D_POSIX_C_SOURCE=200809L -D_XOPEN_SOURCE=700   -o CMakeFiles/cmTC_f7530.dir/CheckIncludeFile.c.o   -c /Users/muresanvladmihail/Programming/CLove/build_android/CMakeFiles/CMakeTmp/CheckIncludeFile.c
/Users/muresanvladmihail/Programming/CLove/build_android/CMakeFiles/CMakeTmp/CheckIncludeFile.c:1:10: fatal error: 'sys/sysconf.h' file not found
#include <sys/sysconf.h>
         ^
1 error generated.
make[1]: *** [CMakeFiles/cmTC_f7530.dir/CheckIncludeFile.c.o] Error 1
make: *** [cmTC_f7530/fast] Error 2


Determining if the include file ieeefp.h exists failed with the following output:
Change Dir: /Users/muresanvladmihail/Programming/CLove/build_android/CMakeFiles/CMakeTmp

Run Build Command:"/usr/bin/make" "cmTC_428cc/fast"
/Library/Developer/CommandLineTools/usr/bin/make -f CMakeFiles/cmTC_428cc.dir/build.make CMakeFiles/cmTC_428cc.dir/build
Building C object CMakeFiles/cmTC_428cc.dir/CheckIncludeFile.c.o
/Library/Developer/CommandLineTools/usr/bin/cc    -std=c99  -O2 -g -DNDEBUG -DANDROID_NDK -DDISABLE_IMPORTGL  -D_GNU_SOURCE=1 -D_POSIX_C_SOURCE=200809L -D_XOPEN_SOURCE=700   -o CMakeFiles/cmTC_428cc.dir/CheckIncludeFile.c.o   -c /Users/muresanvladmihail/Programming/CLove/build_android/CMakeFiles/CMakeTmp/CheckIncludeFile.c
/Users/muresanvladmihail/Programming/CLove/build_android/CMakeFiles/CMakeTmp/CheckIncludeFile.c:1:10: fatal error: 'ieeefp.h' file not found
#include <ieeefp.h>
         ^
1 error generated.
make[1]: *** [CMakeFiles/cmTC_428cc.dir/CheckIncludeFile.c.o] Error 1
make: *** [cmTC_428cc/fast] Error 2


Determining if the include file guiddef.h exists failed with the following output:
Change Dir: /Users/muresanvladmihail/Programming/CLove/build_android/CMakeFiles/CMakeTmp

Run Build Command:"/usr/bin/make" "cmTC_70574/fast"
/Library/Developer/CommandLineTools/usr/bin/make -f CMakeFiles/cmTC_70574.dir/build.make CMakeFiles/cmTC_70574.dir/build
Building C object CMakeFiles/cmTC_70574.dir/CheckIncludeFile.c.o
/Library/Developer/CommandLineTools/usr/bin/cc    -std=c99  -O2 -g -DNDEBUG -DANDROID_NDK -DDISABLE_IMPORTGL  -D_GNU_SOURCE=1 -D_POSIX_C_SOURCE=200809L -D_XOPEN_SOURCE=700   -o CMakeFiles/cmTC_70574.dir/CheckIncludeFile.c.o   -c /Users/muresanvladmihail/Programming/CLove/build_android/CMakeFiles/CMakeTmp/CheckIncludeFile.c
/Users/muresanvladmihail/Programming/CLove/build_android/CMakeFiles/CMakeTmp/CheckIncludeFile.c:1:10: fatal error: 'guiddef.h' file not found
#include <guiddef.h>
         ^
1 error generated.
make[1]: *** [CMakeFiles/cmTC_70574.dir/CheckIncludeFile.c.o] Error 1
make: *** [cmTC_70574/fast] Error 2


Determining if the include file initguid.h exists failed with the following output:
Change Dir: /Users/muresanvladmihail/Programming/CLove/build_android/CMakeFiles/CMakeTmp

Run Build Command:"/usr/bin/make" "cmTC_bd011/fast"
/Library/Developer/CommandLineTools/usr/bin/make -f CMakeFiles/cmTC_bd011.dir/build.make CMakeFiles/cmTC_bd011.dir/build
Building C object CMakeFiles/cmTC_bd011.dir/CheckIncludeFile.c.o
/Library/Developer/CommandLineTools/usr/bin/cc    -std=c99  -O2 -g -DNDEBUG -DANDROID_NDK -DDISABLE_IMPORTGL  -D_GNU_SOURCE=1 -D_POSIX_C_SOURCE=200809L -D_XOPEN_SOURCE=700   -o CMakeFiles/cmTC_bd011.dir/CheckIncludeFile.c.o   -c /Users/muresanvladmihail/Programming/CLove/build_android/CMakeFiles/CMakeTmp/CheckIncludeFile.c
/Users/muresanvladmihail/Programming/CLove/build_android/CMakeFiles/CMakeTmp/CheckIncludeFile.c:1:10: fatal error: 'initguid.h' file not found
#include <initguid.h>
         ^
1 error generated.
make[1]: *** [CMakeFiles/cmTC_bd011.dir/CheckIncludeFile.c.o] Error 1
make: *** [cmTC_bd011/fast] Error 2


Determining if the aligned_alloc exist failed with the following output:
Change Dir: /Users/muresanvladmihail/Programming/CLove/build_android/CMakeFiles/CMakeTmp

Run Build Command:"/usr/bin/make" "cmTC_36120/fast"
/Library/Developer/CommandLineTools/usr/bin/make -f CMakeFiles/cmTC_36120.dir/build.make CMakeFiles/cmTC_36120.dir/build
Building C object CMakeFiles/cmTC_36120.dir/CheckSymbolExists.c.o
/Library/Developer/CommandLineTools/usr/bin/cc    -std=c99  -O2 -g -DNDEBUG -DANDROID_NDK -DDISABLE_IMPORTGL  -D_GNU_SOURCE=1 -D_POSIX_C_SOURCE=200809L -D_XOPEN_SOURCE=700   -o CMakeFiles/cmTC_36120.dir/CheckSymbolExists.c.o   -c /Users/muresanvladmihail/Programming/CLove/build_android/CMakeFiles/CMakeTmp/CheckSymbolExists.c
/Users/muresanvladmihail/Programming/CLove/build_android/CMakeFiles/CMakeTmp/CheckSymbolExists.c:8:19: error: use of undeclared identifier 'aligned_alloc'
  return ((int*)(&aligned_alloc))[argc];
                  ^
1 error generated.
make[1]: *** [CMakeFiles/cmTC_36120.dir/CheckSymbolExists.c.o] Error 1
make: *** [cmTC_36120/fast] Error 2

File /Users/muresanvladmihail/Programming/CLove/build_android/CMakeFiles/CMakeTmp/CheckSymbolExists.c:
/* */
#include <stdlib.h>

int main(int argc, char** argv)
{
  (void)argv;
#ifndef aligned_alloc
  return ((int*)(&aligned_alloc))[argc];
#else
  (void)argc;
  return 0;
#endif
}

Determining if the _aligned_malloc exist failed with the following output:
Change Dir: /Users/muresanvladmihail/Programming/CLove/build_android/CMakeFiles/CMakeTmp

Run Build Command:"/usr/bin/make" "cmTC_80d1d/fast"
/Library/Developer/CommandLineTools/usr/bin/make -f CMakeFiles/cmTC_80d1d.dir/build.make CMakeFiles/cmTC_80d1d.dir/build
Building C object CMakeFiles/cmTC_80d1d.dir/CheckSymbolExists.c.o
/Library/Developer/CommandLineTools/usr/bin/cc    -std=c99  -O2 -g -DNDEBUG -DANDROID_NDK -DDISABLE_IMPORTGL  -D_GNU_SOURCE=1 -D_POSIX_C_SOURCE=200809L -D_XOPEN_SOURCE=700   -o CMakeFiles/cmTC_80d1d.dir/CheckSymbolExists.c.o   -c /Users/muresanvladmihail/Programming/CLove/build_android/CMakeFiles/CMakeTmp/CheckSymbolExists.c
/Users/muresanvladmihail/Programming/CLove/build_android/CMakeFiles/CMakeTmp/CheckSymbolExists.c:2:10: fatal error: 'malloc.h' file not found
#include <malloc.h>
         ^
1 error generated.
make[1]: *** [CMakeFiles/cmTC_80d1d.dir/CheckSymbolExists.c.o] Error 1
make: *** [cmTC_80d1d/fast] Error 2

File /Users/muresanvladmihail/Programming/CLove/build_android/CMakeFiles/CMakeTmp/CheckSymbolExists.c:
/* */
#include <malloc.h>

int main(int argc, char** argv)
{
  (void)argv;
#ifndef _aligned_malloc
  return ((int*)(&_aligned_malloc))[argc];
#else
  (void)argc;
  return 0;
#endif
}

Determining if the _controlfp exist failed with the following output:
Change Dir: /Users/muresanvladmihail/Programming/CLove/build_android/CMakeFiles/CMakeTmp

Run Build Command:"/usr/bin/make" "cmTC_a081b/fast"
/Library/Developer/CommandLineTools/usr/bin/make -f CMakeFiles/cmTC_a081b.dir/build.make CMakeFiles/cmTC_a081b.dir/build
Building C object CMakeFiles/cmTC_a081b.dir/CheckSymbolExists.c.o
/Library/Developer/CommandLineTools/usr/bin/cc    -std=c99  -O2 -g -DNDEBUG -DANDROID_NDK -DDISABLE_IMPORTGL  -D_GNU_SOURCE=1 -D_POSIX_C_SOURCE=200809L -D_XOPEN_SOURCE=700   -o CMakeFiles/cmTC_a081b.dir/CheckSymbolExists.c.o   -c /Users/muresanvladmihail/Programming/CLove/build_android/CMakeFiles/CMakeTmp/CheckSymbolExists.c
/Users/muresanvladmihail/Programming/CLove/build_android/CMakeFiles/CMakeTmp/CheckSymbolExists.c:8:19: error: use of undeclared identifier '_controlfp'
  return ((int*)(&_controlfp))[argc];
                  ^
1 error generated.
make[1]: *** [CMakeFiles/cmTC_a081b.dir/CheckSymbolExists.c.o] Error 1
make: *** [cmTC_a081b/fast] Error 2

File /Users/muresanvladmihail/Programming/CLove/build_android/CMakeFiles/CMakeTmp/CheckSymbolExists.c:
/* */
#include <float.h>

int main(int argc, char** argv)
{
  (void)argv;
#ifndef _controlfp
  return ((int*)(&_controlfp))[argc];
#else
  (void)argc;
  return 0;
#endif
}

Determining if the __control87_2 exist failed with the following output:
Change Dir: /Users/muresanvladmihail/Programming/CLove/build_android/CMakeFiles/CMakeTmp

Run Build Command:"/usr/bin/make" "cmTC_034e1/fast"
/Library/Developer/CommandLineTools/usr/bin/make -f CMakeFiles/cmTC_034e1.dir/build.make CMakeFiles/cmTC_034e1.dir/build
Building C object CMakeFiles/cmTC_034e1.dir/CheckSymbolExists.c.o
/Library/Developer/CommandLineTools/usr/bin/cc    -std=c99  -O2 -g -DNDEBUG -DANDROID_NDK -DDISABLE_IMPORTGL  -D_GNU_SOURCE=1 -D_POSIX_C_SOURCE=200809L -D_XOPEN_SOURCE=700   -o CMakeFiles/cmTC_034e1.dir/CheckSymbolExists.c.o   -c /Users/muresanvladmihail/Programming/CLove/build_android/CMakeFiles/CMakeTmp/CheckSymbolExists.c
/Users/muresanvladmihail/Programming/CLove/build_android/CMakeFiles/CMakeTmp/CheckSymbolExists.c:8:19: error: use of undeclared identifier '__control87_2'
  return ((int*)(&__control87_2))[argc];
                  ^
1 error generated.
make[1]: *** [CMakeFiles/cmTC_034e1.dir/CheckSymbolExists.c.o] Error 1
make: *** [cmTC_034e1/fast] Error 2

File /Users/muresanvladmihail/Programming/CLove/build_android/CMakeFiles/CMakeTmp/CheckSymbolExists.c:
/* */
#include <float.h>

int main(int argc, char** argv)
{
  (void)argv;
#ifndef __control87_2
  return ((int*)(&__control87_2))[argc];
#else
  (void)argc;
  return 0;
#endif
}

Determining if the include file android/api-level.h exists failed with the following output:
Change Dir: /Users/muresanvladmihail/Programming/CLove/build_android/CMakeFiles/CMakeTmp

Run Build Command:"/usr/bin/make" "cmTC_30c86/fast"
/Library/Developer/CommandLineTools/usr/bin/make -f CMakeFiles/cmTC_30c86.dir/build.make CMakeFiles/cmTC_30c86.dir/build
Building C object CMakeFiles/cmTC_30c86.dir/CheckIncludeFile.c.o
/Library/Developer/CommandLineTools/usr/bin/cc    -std=c99  -O2 -g -DNDEBUG -DANDROID_NDK -DDISABLE_IMPORTGL  -D_GNU_SOURCE=1 -D_POSIX_C_SOURCE=200809L -D_XOPEN_SOURCE=700   -o CMakeFiles/cmTC_30c86.dir/CheckIncludeFile.c.o   -c /Users/muresanvladmihail/Programming/CLove/build_android/CMakeFiles/CMakeTmp/CheckIncludeFile.c
/Users/muresanvladmihail/Programming/CLove/build_android/CMakeFiles/CMakeTmp/CheckIncludeFile.c:1:10: fatal error: 'android/api-level.h' file not found
#include <android/api-level.h>
         ^
1 error generated.
make[1]: *** [CMakeFiles/cmTC_30c86.dir/CheckIncludeFile.c.o] Error 1
make: *** [cmTC_30c86/fast] Error 2


Determining if the include file windows.h exists failed with the following output:
Change Dir: /Users/muresanvladmihail/Programming/CLove/build_android/CMakeFiles/CMakeTmp

Run Build Command:"/usr/bin/make" "cmTC_c903f/fast"
/Library/Developer/CommandLineTools/usr/bin/make -f CMakeFiles/cmTC_c903f.dir/build.make CMakeFiles/cmTC_c903f.dir/build
Building C object CMakeFiles/cmTC_c903f.dir/CheckIncludeFile.c.o
/Library/Developer/CommandLineTools/usr/bin/cc    -std=c99  -O2 -g -DNDEBUG -DANDROID_NDK -DDISABLE_IMPORTGL -D_WIN32_WINNT=0x0502  -D_GNU_SOURCE=1 -D_POSIX_C_SOURCE=200809L -D_XOPEN_SOURCE=700   -o CMakeFiles/cmTC_c903f.dir/CheckIncludeFile.c.o   -c /Users/muresanvladmihail/Programming/CLove/build_android/CMakeFiles/CMakeTmp/CheckIncludeFile.c
/Users/muresanvladmihail/Programming/CLove/build_android/CMakeFiles/CMakeTmp/CheckIncludeFile.c:1:10: fatal error: 'windows.h' file not found
#include <windows.h>
         ^
1 error generated.
make[1]: *** [CMakeFiles/cmTC_c903f.dir/CheckIncludeFile.c.o] Error 1
make: *** [cmTC_c903f/fast] Error 2


Determining if files pthread.h;pthread_np.h exist failed with the following output:
Change Dir: /Users/muresanvladmihail/Programming/CLove/build_android/CMakeFiles/CMakeTmp

Run Build Command:"/usr/bin/make" "cmTC_d7888/fast"
/Library/Developer/CommandLineTools/usr/bin/make -f CMakeFiles/cmTC_d7888.dir/build.make CMakeFiles/cmTC_d7888.dir/build
Building C object CMakeFiles/cmTC_d7888.dir/CheckIncludeFiles.c.o
/Library/Developer/CommandLineTools/usr/bin/cc    -std=c99  -O2 -g -DNDEBUG -DANDROID_NDK -DDISABLE_IMPORTGL  -D_GNU_SOURCE=1 -D_POSIX_C_SOURCE=200809L -D_XOPEN_SOURCE=700   -o CMakeFiles/cmTC_d7888.dir/CheckIncludeFiles.c.o   -c /Users/muresanvladmihail/Programming/CLove/build_android/CMakeFiles/CMakeTmp/CheckIncludeFiles.c
/Users/muresanvladmihail/Programming/CLove/build_android/CMakeFiles/CMakeTmp/CheckIncludeFiles.c:3:10: fatal error: 'pthread_np.h' file not found
#include <pthread_np.h>
         ^
1 error generated.
make[1]: *** [CMakeFiles/cmTC_d7888.dir/CheckIncludeFiles.c.o] Error 1
make: *** [cmTC_d7888/fast] Error 2

Source:
/* */
#include <pthread.h>
#include <pthread_np.h>


int main(void){return 0;}

Determining if the pthread_setname_np exist failed with the following output:
Change Dir: /Users/muresanvladmihail/Programming/CLove/build_android/CMakeFiles/CMakeTmp

Run Build Command:"/usr/bin/make" "cmTC_04dd8/fast"
/Library/Developer/CommandLineTools/usr/bin/make -f CMakeFiles/cmTC_04dd8.dir/build.make CMakeFiles/cmTC_04dd8.dir/build
Building C object CMakeFiles/cmTC_04dd8.dir/CheckSymbolExists.c.o
/Library/Developer/CommandLineTools/usr/bin/cc    -std=c99  -O2 -g -DNDEBUG -DANDROID_NDK -DDISABLE_IMPORTGL  -D_GNU_SOURCE=1 -D_POSIX_C_SOURCE=200809L -D_XOPEN_SOURCE=700 -pthread   -o CMakeFiles/cmTC_04dd8.dir/CheckSymbolExists.c.o   -c /Users/muresanvladmihail/Programming/CLove/build_android/CMakeFiles/CMakeTmp/CheckSymbolExists.c
/Users/muresanvladmihail/Programming/CLove/build_android/CMakeFiles/CMakeTmp/CheckSymbolExists.c:8:19: error: use of undeclared identifier 'pthread_setname_np'
  return ((int*)(&pthread_setname_np))[argc];
                  ^
1 error generated.
make[1]: *** [CMakeFiles/cmTC_04dd8.dir/CheckSymbolExists.c.o] Error 1
make: *** [cmTC_04dd8/fast] Error 2

File /Users/muresanvladmihail/Programming/CLove/build_android/CMakeFiles/CMakeTmp/CheckSymbolExists.c:
/* */
#include <pthread.h>

int main(int argc, char** argv)
{
  (void)argv;
#ifndef pthread_setname_np
  return ((int*)(&pthread_setname_np))[argc];
#else
  (void)argc;
  return 0;
#endif
}

Determining if the pthread_set_name_np exist failed with the following output:
Change Dir: /Users/muresanvladmihail/Programming/CLove/build_android/CMakeFiles/CMakeTmp

Run Build Command:"/usr/bin/make" "cmTC_32525/fast"
/Library/Developer/CommandLineTools/usr/bin/make -f CMakeFiles/cmTC_32525.dir/build.make CMakeFiles/cmTC_32525.dir/build
Building C object CMakeFiles/cmTC_32525.dir/CheckSymbolExists.c.o
/Library/Developer/CommandLineTools/usr/bin/cc    -std=c99  -O2 -g -DNDEBUG -DANDROID_NDK -DDISABLE_IMPORTGL  -D_GNU_SOURCE=1 -D_POSIX_C_SOURCE=200809L -D_XOPEN_SOURCE=700 -pthread   -o CMakeFiles/cmTC_32525.dir/CheckSymbolExists.c.o   -c /Users/muresanvladmihail/Programming/CLove/build_android/CMakeFiles/CMakeTmp/CheckSymbolExists.c
/Users/muresanvladmihail/Programming/CLove/build_android/CMakeFiles/CMakeTmp/CheckSymbolExists.c:8:19: error: use of undeclared identifier 'pthread_set_name_np'
  return ((int*)(&pthread_set_name_np))[argc];
                  ^
1 error generated.
make[1]: *** [CMakeFiles/cmTC_32525.dir/CheckSymbolExists.c.o] Error 1
make: *** [cmTC_32525/fast] Error 2

File /Users/muresanvladmihail/Programming/CLove/build_android/CMakeFiles/CMakeTmp/CheckSymbolExists.c:
/* */
#include <pthread.h>

int main(int argc, char** argv)
{
  (void)argv;
#ifndef pthread_set_name_np
  return ((int*)(&pthread_set_name_np))[argc];
#else
  (void)argc;
  return 0;
#endif
}

Determining if the pthread_mutex_timedlock exist failed with the following output:
Change Dir: /Users/muresanvladmihail/Programming/CLove/build_android/CMakeFiles/CMakeTmp

Run Build Command:"/usr/bin/make" "cmTC_50d8f/fast"
/Library/Developer/CommandLineTools/usr/bin/make -f CMakeFiles/cmTC_50d8f.dir/build.make CMakeFiles/cmTC_50d8f.dir/build
Building C object CMakeFiles/cmTC_50d8f.dir/CheckSymbolExists.c.o
/Library/Developer/CommandLineTools/usr/bin/cc    -std=c99  -O2 -g -DNDEBUG -DANDROID_NDK -DDISABLE_IMPORTGL  -D_GNU_SOURCE=1 -D_POSIX_C_SOURCE=200809L -D_XOPEN_SOURCE=700 -pthread   -o CMakeFiles/cmTC_50d8f.dir/CheckSymbolExists.c.o   -c /Users/muresanvladmihail/Programming/CLove/build_android/CMakeFiles/CMakeTmp/CheckSymbolExists.c
/Users/muresanvladmihail/Programming/CLove/build_android/CMakeFiles/CMakeTmp/CheckSymbolExists.c:8:19: error: use of undeclared identifier 'pthread_mutex_timedlock'; did you mean 'pthread_mutex_trylock'?
  return ((int*)(&pthread_mutex_timedlock))[argc];
                  ^~~~~~~~~~~~~~~~~~~~~~~
                  pthread_mutex_trylock
/usr/include/pthread.h:362:5: note: 'pthread_mutex_trylock' declared here
int pthread_mutex_trylock(pthread_mutex_t *);
    ^
1 error generated.
make[1]: *** [CMakeFiles/cmTC_50d8f.dir/CheckSymbolExists.c.o] Error 1
make: *** [cmTC_50d8f/fast] Error 2

File /Users/muresanvladmihail/Programming/CLove/build_android/CMakeFiles/CMakeTmp/CheckSymbolExists.c:
/* */
#include <pthread.h>

int main(int argc, char** argv)
{
  (void)argv;
#ifndef pthread_mutex_timedlock
  return ((int*)(&pthread_mutex_timedlock))[argc];
#else
  (void)argc;
  return 0;
#endif
}

Determining if the function clock_gettime exists in the rt failed with the following output:
Change Dir: /Users/muresanvladmihail/Programming/CLove/build_android/CMakeFiles/CMakeTmp

Run Build Command:"/usr/bin/make" "cmTC_2f999/fast"
/Library/Developer/CommandLineTools/usr/bin/make -f CMakeFiles/cmTC_2f999.dir/build.make CMakeFiles/cmTC_2f999.dir/build
Building C object CMakeFiles/cmTC_2f999.dir/CheckFunctionExists.c.o
/Library/Developer/CommandLineTools/usr/bin/cc    -std=c99  -O2 -g -DNDEBUG -DANDROID_NDK -DDISABLE_IMPORTGL -DCHECK_FUNCTION_EXISTS=clock_gettime  -D_GNU_SOURCE=1 -D_POSIX_C_SOURCE=200809L -D_XOPEN_SOURCE=700 -pthread   -o CMakeFiles/cmTC_2f999.dir/CheckFunctionExists.c.o   -c /usr/local/Cellar/cmake/3.7.1/share/cmake/Modules/CheckFunctionExists.c
Linking C executable cmTC_2f999
/usr/local/Cellar/cmake/3.7.1/bin/cmake -E cmake_link_script CMakeFiles/cmTC_2f999.dir/link.txt --verbose=1
/Library/Developer/CommandLineTools/usr/bin/cc  -std=c99  -O2 -g -DNDEBUG -DANDROID_NDK -DDISABLE_IMPORTGL -DCHECK_FUNCTION_EXISTS=clock_gettime  -D_GNU_SOURCE=1 -D_POSIX_C_SOURCE=200809L -D_XOPEN_SOURCE=700 -pthread -Wl,-search_paths_first -Wl,-headerpad_max_install_names   CMakeFiles/cmTC_2f999.dir/CheckFunctionExists.c.o  -o cmTC_2f999  -lrt -lm 
clang: warning: argument unused during compilation: '-pthread'
ld: library not found for -lrt
clang: error: linker command failed with exit code 1 (use -v to see invocation)
make[1]: *** [cmTC_2f999] Error 1
make: *** [cmTC_2f999/fast] Error 2


Determining if the include file arm_neon.h exists failed with the following output:
Change Dir: /Users/muresanvladmihail/Programming/CLove/build_android/CMakeFiles/CMakeTmp

Run Build Command:"/usr/bin/make" "cmTC_223af/fast"
/Library/Developer/CommandLineTools/usr/bin/make -f CMakeFiles/cmTC_223af.dir/build.make CMakeFiles/cmTC_223af.dir/build
Building C object CMakeFiles/cmTC_223af.dir/CheckIncludeFile.c.o
/Library/Developer/CommandLineTools/usr/bin/cc    -std=c99  -O2 -g -DNDEBUG -DANDROID_NDK -DDISABLE_IMPORTGL  -D_GNU_SOURCE=1 -D_POSIX_C_SOURCE=200809L -D_XOPEN_SOURCE=700 -pthread   -o CMakeFiles/cmTC_223af.dir/CheckIncludeFile.c.o   -c /Users/muresanvladmihail/Programming/CLove/build_android/CMakeFiles/CMakeTmp/CheckIncludeFile.c
In file included from /Users/muresanvladmihail/Programming/CLove/build_android/CMakeFiles/CMakeTmp/CheckIncludeFile.c:1:
/Library/Developer/CommandLineTools/usr/bin/../lib/clang/8.0.0/include/arm_neon.h:28:2: error: "NEON support not enabled"
#error "NEON support not enabled"
 ^
/Library/Developer/CommandLineTools/usr/bin/../lib/clang/8.0.0/include/arm_neon.h:48:24: error: 'neon_vector_type' attribute is not supported for this target
typedef __attribute__((neon_vector_type(8))) int8_t int8x8_t;
                       ^
/Library/Developer/CommandLineTools/usr/bin/../lib/clang/8.0.0/include/arm_neon.h:49:24: error: 'neon_vector_type' attribute is not supported for this target
typedef __attribute__((neon_vector_type(16))) int8_t int8x16_t;
                       ^
/Library/Developer/CommandLineTools/usr/bin/../lib/clang/8.0.0/include/arm_neon.h:50:24: error: 'neon_vector_type' attribute is not supported for this target
typedef __attribute__((neon_vector_type(4))) int16_t int16x4_t;
                       ^
/Library/Developer/CommandLineTools/usr/bin/../lib/clang/8.0.0/include/arm_neon.h:51:24: error: 'neon_vector_type' attribute is not supported for this target
typedef __attribute__((neon_vector_type(8))) int16_t int16x8_t;
                       ^
/Library/Developer/CommandLineTools/usr/bin/../lib/clang/8.0.0/include/arm_neon.h:52:24: error: 'neon_vector_type' attribute is not supported for this target
typedef __attribute__((neon_vector_type(2))) int32_t int32x2_t;
                       ^
/Library/Developer/CommandLineTools/usr/bin/../lib/clang/8.0.0/include/arm_neon.h:53:24: error: 'neon_vector_type' attribute is not supported for this target
typedef __attribute__((neon_vector_type(4))) int32_t int32x4_t;
                       ^
/Library/Developer/CommandLineTools/usr/bin/../lib/clang/8.0.0/include/arm_neon.h:54:24: error: 'neon_vector_type' attribute is not supported for this target
typedef __attribute__((neon_vector_type(1))) int64_t int64x1_t;
                       ^
/Library/Developer/CommandLineTools/usr/bin/../lib/clang/8.0.0/include/arm_neon.h:55:24: error: 'neon_vector_type' attribute is not supported for this target
typedef __attribute__((neon_vector_type(2))) int64_t int64x2_t;
                       ^
/Library/Developer/CommandLineTools/usr/bin/../lib/clang/8.0.0/include/arm_neon.h:56:24: error: 'neon_vector_type' attribute is not supported for this target
typedef __attribute__((neon_vector_type(8))) uint8_t uint8x8_t;
                       ^
/Library/Developer/CommandLineTools/usr/bin/../lib/clang/8.0.0/include/arm_neon.h:57:24: error: 'neon_vector_type' attribute is not supported for this target
typedef __attribute__((neon_vector_type(16))) uint8_t uint8x16_t;
                       ^
/Library/Developer/CommandLineTools/usr/bin/../lib/clang/8.0.0/include/arm_neon.h:58:24: error: 'neon_vector_type' attribute is not supported for this target
typedef __attribute__((neon_vector_type(4))) uint16_t uint16x4_t;
                       ^
/Library/Developer/CommandLineTools/usr/bin/../lib/clang/8.0.0/include/arm_neon.h:59:24: error: 'neon_vector_type' attribute is not supported for this target
typedef __attribute__((neon_vector_type(8))) uint16_t uint16x8_t;
                       ^
/Library/Developer/CommandLineTools/usr/bin/../lib/clang/8.0.0/include/arm_neon.h:60:24: error: 'neon_vector_type' attribute is not supported for this target
typedef __attribute__((neon_vector_type(2))) uint32_t uint32x2_t;
                       ^
/Library/Developer/CommandLineTools/usr/bin/../lib/clang/8.0.0/include/arm_neon.h:61:24: error: 'neon_vector_type' attribute is not supported for this target
typedef __attribute__((neon_vector_type(4))) uint32_t uint32x4_t;
                       ^
/Library/Developer/CommandLineTools/usr/bin/../lib/clang/8.0.0/include/arm_neon.h:62:24: error: 'neon_vector_type' attribute is not supported for this target
typedef __attribute__((neon_vector_type(1))) uint64_t uint64x1_t;
                       ^
/Library/Developer/CommandLineTools/usr/bin/../lib/clang/8.0.0/include/arm_neon.h:63:24: error: 'neon_vector_type' attribute is not supported for this target
typedef __attribute__((neon_vector_type(2))) uint64_t uint64x2_t;
                       ^
/Library/Developer/CommandLineTools/usr/bin/../lib/clang/8.0.0/include/arm_neon.h:64:24: error: 'neon_vector_type' attribute is not supported for this target
typedef __attribute__((neon_vector_type(4))) float16_t float16x4_t;
                       ^
/Library/Developer/CommandLineTools/usr/bin/../lib/clang/8.0.0/include/arm_neon.h:65:24: error: 'neon_vector_type' attribute is not supported for this target
typedef __attribute__((neon_vector_type(8))) float16_t float16x8_t;
                       ^
fatal error: too many errors emitted, stopping now [-ferror-limit=]
20 errors generated.
make[1]: *** [CMakeFiles/cmTC_223af.dir/CheckIncludeFile.c.o] Error 1
make: *** [cmTC_223af/fast] Error 2


Determining if files SLES/OpenSLES.h;SLES/OpenSLES_Android.h exist failed with the following output:
Change Dir: /Users/muresanvladmihail/Programming/CLove/build_android/CMakeFiles/CMakeTmp

Run Build Command:"/usr/bin/make" "cmTC_41df6/fast"
/Library/Developer/CommandLineTools/usr/bin/make -f CMakeFiles/cmTC_41df6.dir/build.make CMakeFiles/cmTC_41df6.dir/build
Building C object CMakeFiles/cmTC_41df6.dir/CheckIncludeFiles.c.o
/Library/Developer/CommandLineTools/usr/bin/cc    -std=c99  -O2 -g -DNDEBUG -DANDROID_NDK -DDISABLE_IMPORTGL  -D_GNU_SOURCE=1 -D_POSIX_C_SOURCE=200809L -D_XOPEN_SOURCE=700 -pthread   -o CMakeFiles/cmTC_41df6.dir/CheckIncludeFiles.c.o   -c /Users/muresanvladmihail/Programming/CLove/build_android/CMakeFiles/CMakeTmp/CheckIncludeFiles.c
/Users/muresanvladmihail/Programming/CLove/build_android/CMakeFiles/CMakeTmp/CheckIncludeFiles.c:2:10: fatal error: 'SLES/OpenSLES.h' file not found
#include <SLES/OpenSLES.h>
         ^
1 error generated.
make[1]: *** [CMakeFiles/cmTC_41df6.dir/CheckIncludeFiles.c.o] Error 1
make: *** [cmTC_41df6/fast] Error 2

Source:
/* */
#include <SLES/OpenSLES.h>
#include <SLES/OpenSLES_Android.h>


int main(void){return 0;}

Performing C SOURCE FILE Test HAVE_GCC_PREFERRED_STACK_BOUNDARY failed with the following output:
Change Dir: /Users/muresanvladmihail/Programming/CLove/build_android/CMakeFiles/CMakeTmp

Run Build Command:"/usr/bin/make" "cmTC_9d7c4/fast"
/Library/Developer/CommandLineTools/usr/bin/make -f CMakeFiles/cmTC_9d7c4.dir/build.make CMakeFiles/cmTC_9d7c4.dir/build
Building C object CMakeFiles/cmTC_9d7c4.dir/src.c.o
/Library/Developer/CommandLineTools/usr/bin/cc    -g -O3 -DHAVE_GCC_PREFERRED_STACK_BOUNDARY -mpreferred-stack-boundary=2   -o CMakeFiles/cmTC_9d7c4.dir/src.c.o   -c /Users/muresanvladmihail/Programming/CLove/build_android/CMakeFiles/CMakeTmp/src.c
clang: error: unknown argument: '-mpreferred-stack-boundary=2'
make[1]: *** [CMakeFiles/cmTC_9d7c4.dir/src.c.o] Error 1
make: *** [cmTC_9d7c4/fast] Error 2

Source file was:
int x = 0; int main(int argc, char **argv) {}
Performing C SOURCE FILE Test HAVE_ALTIVEC_H_HDR failed with the following output:
Change Dir: /Users/muresanvladmihail/Programming/CLove/build_android/CMakeFiles/CMakeTmp

Run Build Command:"/usr/bin/make" "cmTC_c9e24/fast"
/Library/Developer/CommandLineTools/usr/bin/make -f CMakeFiles/cmTC_c9e24.dir/build.make CMakeFiles/cmTC_c9e24.dir/build
Building C object CMakeFiles/cmTC_c9e24.dir/src.c.o
/Library/Developer/CommandLineTools/usr/bin/cc    -g -O3 -DHAVE_ALTIVEC_H_HDR -maltivec   -o CMakeFiles/cmTC_c9e24.dir/src.c.o   -c /Users/muresanvladmihail/Programming/CLove/build_android/CMakeFiles/CMakeTmp/src.c
clang: error: invalid argument '-faltivec' only allowed with 'ppc/ppc64/ppc64le'
make[1]: *** [CMakeFiles/cmTC_c9e24.dir/src.c.o] Error 1
make: *** [cmTC_c9e24/fast] Error 2

Source file was:

          #include <altivec.h>
          vector unsigned int vzero() {
              return vec_splat_u32(0);
          }
          int main(int argc, char **argv) { }
Performing C SOURCE FILE Test HAVE_ALTIVEC failed with the following output:
Change Dir: /Users/muresanvladmihail/Programming/CLove/build_android/CMakeFiles/CMakeTmp

Run Build Command:"/usr/bin/make" "cmTC_81c12/fast"
/Library/Developer/CommandLineTools/usr/bin/make -f CMakeFiles/cmTC_81c12.dir/build.make CMakeFiles/cmTC_81c12.dir/build
Building C object CMakeFiles/cmTC_81c12.dir/src.c.o
/Library/Developer/CommandLineTools/usr/bin/cc    -g -O3 -DHAVE_ALTIVEC -maltivec   -o CMakeFiles/cmTC_81c12.dir/src.c.o   -c /Users/muresanvladmihail/Programming/CLove/build_android/CMakeFiles/CMakeTmp/src.c
clang: error: invalid argument '-faltivec' only allowed with 'ppc/ppc64/ppc64le'
make[1]: *** [CMakeFiles/cmTC_81c12.dir/src.c.o] Error 1
make: *** [cmTC_81c12/fast] Error 2

Source file was:

          vector unsigned int vzero() {
              return vec_splat_u32(0);
          }
          int main(int argc, char **argv) { }
Determining if the function _strrev exists failed with the following output:
Change Dir: /Users/muresanvladmihail/Programming/CLove/build_android/CMakeFiles/CMakeTmp

Run Build Command:"/usr/bin/make" "cmTC_92fb6/fast"
/Library/Developer/CommandLineTools/usr/bin/make -f CMakeFiles/cmTC_92fb6.dir/build.make CMakeFiles/cmTC_92fb6.dir/build
Building C object CMakeFiles/cmTC_92fb6.dir/CheckFunctionExists.c.o
/Library/Developer/CommandLineTools/usr/bin/cc    -g -O3 -DCHECK_FUNCTION_EXISTS=_strrev   -o CMakeFiles/cmTC_92fb6.dir/CheckFunctionExists.c.o   -c /usr/local/Cellar/cmake/3.7.1/share/cmake/Modules/CheckFunctionExists.c
Linking C executable cmTC_92fb6
/usr/local/Cellar/cmake/3.7.1/bin/cmake -E cmake_link_script CMakeFiles/cmTC_92fb6.dir/link.txt --verbose=1
/Library/Developer/CommandLineTools/usr/bin/cc  -g -O3 -DCHECK_FUNCTION_EXISTS=_strrev -Wl,-search_paths_first -Wl,-headerpad_max_install_names   CMakeFiles/cmTC_92fb6.dir/CheckFunctionExists.c.o  -o cmTC_92fb6  
Undefined symbols for architecture x86_64:
  "__strrev", referenced from:
      _main in CheckFunctionExists.c.o
ld: symbol(s) not found for architecture x86_64
clang: error: linker command failed with exit code 1 (use -v to see invocation)
make[1]: *** [cmTC_92fb6] Error 1
make: *** [cmTC_92fb6/fast] Error 2


Determining if the function _strupr exists failed with the following output:
Change Dir: /Users/muresanvladmihail/Programming/CLove/build_android/CMakeFiles/CMakeTmp

Run Build Command:"/usr/bin/make" "cmTC_81105/fast"
/Library/Developer/CommandLineTools/usr/bin/make -f CMakeFiles/cmTC_81105.dir/build.make CMakeFiles/cmTC_81105.dir/build
Building C object CMakeFiles/cmTC_81105.dir/CheckFunctionExists.c.o
/Library/Developer/CommandLineTools/usr/bin/cc    -g -O3 -DCHECK_FUNCTION_EXISTS=_strupr   -o CMakeFiles/cmTC_81105.dir/CheckFunctionExists.c.o   -c /usr/local/Cellar/cmake/3.7.1/share/cmake/Modules/CheckFunctionExists.c
Linking C executable cmTC_81105
/usr/local/Cellar/cmake/3.7.1/bin/cmake -E cmake_link_script CMakeFiles/cmTC_81105.dir/link.txt --verbose=1
/Library/Developer/CommandLineTools/usr/bin/cc  -g -O3 -DCHECK_FUNCTION_EXISTS=_strupr -Wl,-search_paths_first -Wl,-headerpad_max_install_names   CMakeFiles/cmTC_81105.dir/CheckFunctionExists.c.o  -o cmTC_81105  
Undefined symbols for architecture x86_64:
  "__strupr", referenced from:
      _main in CheckFunctionExists.c.o
ld: symbol(s) not found for architecture x86_64
clang: error: linker command failed with exit code 1 (use -v to see invocation)
make[1]: *** [cmTC_81105] Error 1
make: *** [cmTC_81105/fast] Error 2


Determining if the function _strlwr exists failed with the following output:
Change Dir: /Users/muresanvladmihail/Programming/CLove/build_android/CMakeFiles/CMakeTmp

Run Build Command:"/usr/bin/make" "cmTC_72a6f/fast"
/Library/Developer/CommandLineTools/usr/bin/make -f CMakeFiles/cmTC_72a6f.dir/build.make CMakeFiles/cmTC_72a6f.dir/build
Building C object CMakeFiles/cmTC_72a6f.dir/CheckFunctionExists.c.o
/Library/Developer/CommandLineTools/usr/bin/cc    -g -O3 -DCHECK_FUNCTION_EXISTS=_strlwr   -o CMakeFiles/cmTC_72a6f.dir/CheckFunctionExists.c.o   -c /usr/local/Cellar/cmake/3.7.1/share/cmake/Modules/CheckFunctionExists.c
Linking C executable cmTC_72a6f
/usr/local/Cellar/cmake/3.7.1/bin/cmake -E cmake_link_script CMakeFiles/cmTC_72a6f.dir/link.txt --verbose=1
/Library/Developer/CommandLineTools/usr/bin/cc  -g -O3 -DCHECK_FUNCTION_EXISTS=_strlwr -Wl,-search_paths_first -Wl,-headerpad_max_install_names   CMakeFiles/cmTC_72a6f.dir/CheckFunctionExists.c.o  -o cmTC_72a6f  
Undefined symbols for architecture x86_64:
  "__strlwr", referenced from:
      _main in CheckFunctionExists.c.o
ld: symbol(s) not found for architecture x86_64
clang: error: linker command failed with exit code 1 (use -v to see invocation)
make[1]: *** [cmTC_72a6f] Error 1
make: *** [cmTC_72a6f/fast] Error 2


Determining if the function itoa exists failed with the following output:
Change Dir: /Users/muresanvladmihail/Programming/CLove/build_android/CMakeFiles/CMakeTmp

Run Build Command:"/usr/bin/make" "cmTC_f412d/fast"
/Library/Developer/CommandLineTools/usr/bin/make -f CMakeFiles/cmTC_f412d.dir/build.make CMakeFiles/cmTC_f412d.dir/build
Building C object CMakeFiles/cmTC_f412d.dir/CheckFunctionExists.c.o
/Library/Developer/CommandLineTools/usr/bin/cc    -g -O3 -DCHECK_FUNCTION_EXISTS=itoa   -o CMakeFiles/cmTC_f412d.dir/CheckFunctionExists.c.o   -c /usr/local/Cellar/cmake/3.7.1/share/cmake/Modules/CheckFunctionExists.c
Linking C executable cmTC_f412d
/usr/local/Cellar/cmake/3.7.1/bin/cmake -E cmake_link_script CMakeFiles/cmTC_f412d.dir/link.txt --verbose=1
/Library/Developer/CommandLineTools/usr/bin/cc  -g -O3 -DCHECK_FUNCTION_EXISTS=itoa -Wl,-search_paths_first -Wl,-headerpad_max_install_names   CMakeFiles/cmTC_f412d.dir/CheckFunctionExists.c.o  -o cmTC_f412d  
Undefined symbols for architecture x86_64:
  "_itoa", referenced from:
      _main in CheckFunctionExists.c.o
ld: symbol(s) not found for architecture x86_64
clang: error: linker command failed with exit code 1 (use -v to see invocation)
make[1]: *** [cmTC_f412d] Error 1
make: *** [cmTC_f412d/fast] Error 2


Determining if the function _ltoa exists failed with the following output:
Change Dir: /Users/muresanvladmihail/Programming/CLove/build_android/CMakeFiles/CMakeTmp

Run Build Command:"/usr/bin/make" "cmTC_d1dc1/fast"
/Library/Developer/CommandLineTools/usr/bin/make -f CMakeFiles/cmTC_d1dc1.dir/build.make CMakeFiles/cmTC_d1dc1.dir/build
Building C object CMakeFiles/cmTC_d1dc1.dir/CheckFunctionExists.c.o
/Library/Developer/CommandLineTools/usr/bin/cc    -g -O3 -DCHECK_FUNCTION_EXISTS=_ltoa   -o CMakeFiles/cmTC_d1dc1.dir/CheckFunctionExists.c.o   -c /usr/local/Cellar/cmake/3.7.1/share/cmake/Modules/CheckFunctionExists.c
Linking C executable cmTC_d1dc1
/usr/local/Cellar/cmake/3.7.1/bin/cmake -E cmake_link_script CMakeFiles/cmTC_d1dc1.dir/link.txt --verbose=1
/Library/Developer/CommandLineTools/usr/bin/cc  -g -O3 -DCHECK_FUNCTION_EXISTS=_ltoa -Wl,-search_paths_first -Wl,-headerpad_max_install_names   CMakeFiles/cmTC_d1dc1.dir/CheckFunctionExists.c.o  -o cmTC_d1dc1  
Undefined symbols for architecture x86_64:
  "__ltoa", referenced from:
      _main in CheckFunctionExists.c.o
ld: symbol(s) not found for architecture x86_64
clang: error: linker command failed with exit code 1 (use -v to see invocation)
make[1]: *** [cmTC_d1dc1] Error 1
make: *** [cmTC_d1dc1/fast] Error 2


Determining if the function _uitoa exists failed with the following output:
Change Dir: /Users/muresanvladmihail/Programming/CLove/build_android/CMakeFiles/CMakeTmp

Run Build Command:"/usr/bin/make" "cmTC_7b1fd/fast"
/Library/Developer/CommandLineTools/usr/bin/make -f CMakeFiles/cmTC_7b1fd.dir/build.make CMakeFiles/cmTC_7b1fd.dir/build
Building C object CMakeFiles/cmTC_7b1fd.dir/CheckFunctionExists.c.o
/Library/Developer/CommandLineTools/usr/bin/cc    -g -O3 -DCHECK_FUNCTION_EXISTS=_uitoa   -o CMakeFiles/cmTC_7b1fd.dir/CheckFunctionExists.c.o   -c /usr/local/Cellar/cmake/3.7.1/share/cmake/Modules/CheckFunctionExists.c
Linking C executable cmTC_7b1fd
/usr/local/Cellar/cmake/3.7.1/bin/cmake -E cmake_link_script CMakeFiles/cmTC_7b1fd.dir/link.txt --verbose=1
/Library/Developer/CommandLineTools/usr/bin/cc  -g -O3 -DCHECK_FUNCTION_EXISTS=_uitoa -Wl,-search_paths_first -Wl,-headerpad_max_install_names   CMakeFiles/cmTC_7b1fd.dir/CheckFunctionExists.c.o  -o cmTC_7b1fd  
Undefined symbols for architecture x86_64:
  "__uitoa", referenced from:
      _main in CheckFunctionExists.c.o
ld: symbol(s) not found for architecture x86_64
clang: error: linker command failed with exit code 1 (use -v to see invocation)
make[1]: *** [cmTC_7b1fd] Error 1
make: *** [cmTC_7b1fd/fast] Error 2


Determining if the function _ultoa exists failed with the following output:
Change Dir: /Users/muresanvladmihail/Programming/CLove/build_android/CMakeFiles/CMakeTmp

Run Build Command:"/usr/bin/make" "cmTC_15de6/fast"
/Library/Developer/CommandLineTools/usr/bin/make -f CMakeFiles/cmTC_15de6.dir/build.make CMakeFiles/cmTC_15de6.dir/build
Building C object CMakeFiles/cmTC_15de6.dir/CheckFunctionExists.c.o
/Library/Developer/CommandLineTools/usr/bin/cc    -g -O3 -DCHECK_FUNCTION_EXISTS=_ultoa   -o CMakeFiles/cmTC_15de6.dir/CheckFunctionExists.c.o   -c /usr/local/Cellar/cmake/3.7.1/share/cmake/Modules/CheckFunctionExists.c
Linking C executable cmTC_15de6
/usr/local/Cellar/cmake/3.7.1/bin/cmake -E cmake_link_script CMakeFiles/cmTC_15de6.dir/link.txt --verbose=1
/Library/Developer/CommandLineTools/usr/bin/cc  -g -O3 -DCHECK_FUNCTION_EXISTS=_ultoa -Wl,-search_paths_first -Wl,-headerpad_max_install_names   CMakeFiles/cmTC_15de6.dir/CheckFunctionExists.c.o  -o cmTC_15de6  
Undefined symbols for architecture x86_64:
  "__ultoa", referenced from:
      _main in CheckFunctionExists.c.o
ld: symbol(s) not found for architecture x86_64
clang: error: linker command failed with exit code 1 (use -v to see invocation)
make[1]: *** [cmTC_15de6] Error 1
make: *** [cmTC_15de6/fast] Error 2


Determining if the function _i64toa exists failed with the following output:
Change Dir: /Users/muresanvladmihail/Programming/CLove/build_android/CMakeFiles/CMakeTmp

Run Build Command:"/usr/bin/make" "cmTC_37f11/fast"
/Library/Developer/CommandLineTools/usr/bin/make -f CMakeFiles/cmTC_37f11.dir/build.make CMakeFiles/cmTC_37f11.dir/build
Building C object CMakeFiles/cmTC_37f11.dir/CheckFunctionExists.c.o
/Library/Developer/CommandLineTools/usr/bin/cc    -g -O3 -DCHECK_FUNCTION_EXISTS=_i64toa   -o CMakeFiles/cmTC_37f11.dir/CheckFunctionExists.c.o   -c /usr/local/Cellar/cmake/3.7.1/share/cmake/Modules/CheckFunctionExists.c
Linking C executable cmTC_37f11
/usr/local/Cellar/cmake/3.7.1/bin/cmake -E cmake_link_script CMakeFiles/cmTC_37f11.dir/link.txt --verbose=1
/Library/Developer/CommandLineTools/usr/bin/cc  -g -O3 -DCHECK_FUNCTION_EXISTS=_i64toa -Wl,-search_paths_first -Wl,-headerpad_max_install_names   CMakeFiles/cmTC_37f11.dir/CheckFunctionExists.c.o  -o cmTC_37f11  
Undefined symbols for architecture x86_64:
  "__i64toa", referenced from:
      _main in CheckFunctionExists.c.o
ld: symbol(s) not found for architecture x86_64
clang: error: linker command failed with exit code 1 (use -v to see invocation)
make[1]: *** [cmTC_37f11] Error 1
make: *** [cmTC_37f11/fast] Error 2


Determining if the function _ui64toa exists failed with the following output:
Change Dir: /Users/muresanvladmihail/Programming/CLove/build_android/CMakeFiles/CMakeTmp

Run Build Command:"/usr/bin/make" "cmTC_64548/fast"
/Library/Developer/CommandLineTools/usr/bin/make -f CMakeFiles/cmTC_64548.dir/build.make CMakeFiles/cmTC_64548.dir/build
Building C object CMakeFiles/cmTC_64548.dir/CheckFunctionExists.c.o
/Library/Developer/CommandLineTools/usr/bin/cc    -g -O3 -DCHECK_FUNCTION_EXISTS=_ui64toa   -o CMakeFiles/cmTC_64548.dir/CheckFunctionExists.c.o   -c /usr/local/Cellar/cmake/3.7.1/share/cmake/Modules/CheckFunctionExists.c
Linking C executable cmTC_64548
/usr/local/Cellar/cmake/3.7.1/bin/cmake -E cmake_link_script CMakeFiles/cmTC_64548.dir/link.txt --verbose=1
/Library/Developer/CommandLineTools/usr/bin/cc  -g -O3 -DCHECK_FUNCTION_EXISTS=_ui64toa -Wl,-search_paths_first -Wl,-headerpad_max_install_names   CMakeFiles/cmTC_64548.dir/CheckFunctionExists.c.o  -o cmTC_64548  
Undefined symbols for architecture x86_64:
  "__ui64toa", referenced from:
      _main in CheckFunctionExists.c.o
ld: symbol(s) not found for architecture x86_64
clang: error: linker command failed with exit code 1 (use -v to see invocation)
make[1]: *** [cmTC_64548] Error 1
make: *** [cmTC_64548/fast] Error 2


Determining if the function _stricmp exists failed with the following output:
Change Dir: /Users/muresanvladmihail/Programming/CLove/build_android/CMakeFiles/CMakeTmp

Run Build Command:"/usr/bin/make" "cmTC_fc9c1/fast"
/Library/Developer/CommandLineTools/usr/bin/make -f CMakeFiles/cmTC_fc9c1.dir/build.make CMakeFiles/cmTC_fc9c1.dir/build
Building C object CMakeFiles/cmTC_fc9c1.dir/CheckFunctionExists.c.o
/Library/Developer/CommandLineTools/usr/bin/cc    -g -O3 -DCHECK_FUNCTION_EXISTS=_stricmp   -o CMakeFiles/cmTC_fc9c1.dir/CheckFunctionExists.c.o   -c /usr/local/Cellar/cmake/3.7.1/share/cmake/Modules/CheckFunctionExists.c
Linking C executable cmTC_fc9c1
/usr/local/Cellar/cmake/3.7.1/bin/cmake -E cmake_link_script CMakeFiles/cmTC_fc9c1.dir/link.txt --verbose=1
/Library/Developer/CommandLineTools/usr/bin/cc  -g -O3 -DCHECK_FUNCTION_EXISTS=_stricmp -Wl,-search_paths_first -Wl,-headerpad_max_install_names   CMakeFiles/cmTC_fc9c1.dir/CheckFunctionExists.c.o  -o cmTC_fc9c1  
Undefined symbols for architecture x86_64:
  "__stricmp", referenced from:
      _main in CheckFunctionExists.c.o
ld: symbol(s) not found for architecture x86_64
clang: error: linker command failed with exit code 1 (use -v to see invocation)
make[1]: *** [cmTC_fc9c1] Error 1
make: *** [cmTC_fc9c1/fast] Error 2


Determining if the function _strnicmp exists failed with the following output:
Change Dir: /Users/muresanvladmihail/Programming/CLove/build_android/CMakeFiles/CMakeTmp

Run Build Command:"/usr/bin/make" "cmTC_90f31/fast"
/Library/Developer/CommandLineTools/usr/bin/make -f CMakeFiles/cmTC_90f31.dir/build.make CMakeFiles/cmTC_90f31.dir/build
Building C object CMakeFiles/cmTC_90f31.dir/CheckFunctionExists.c.o
/Library/Developer/CommandLineTools/usr/bin/cc    -g -O3 -DCHECK_FUNCTION_EXISTS=_strnicmp   -o CMakeFiles/cmTC_90f31.dir/CheckFunctionExists.c.o   -c /usr/local/Cellar/cmake/3.7.1/share/cmake/Modules/CheckFunctionExists.c
Linking C executable cmTC_90f31
/usr/local/Cellar/cmake/3.7.1/bin/cmake -E cmake_link_script CMakeFiles/cmTC_90f31.dir/link.txt --verbose=1
/Library/Developer/CommandLineTools/usr/bin/cc  -g -O3 -DCHECK_FUNCTION_EXISTS=_strnicmp -Wl,-search_paths_first -Wl,-headerpad_max_install_names   CMakeFiles/cmTC_90f31.dir/CheckFunctionExists.c.o  -o cmTC_90f31  
Undefined symbols for architecture x86_64:
  "__strnicmp", referenced from:
      _main in CheckFunctionExists.c.o
ld: symbol(s) not found for architecture x86_64
clang: error: linker command failed with exit code 1 (use -v to see invocation)
make[1]: *** [cmTC_90f31] Error 1
make: *** [cmTC_90f31/fast] Error 2


Determining if the function fseeko64 exists failed with the following output:
Change Dir: /Users/muresanvladmihail/Programming/CLove/build_android/CMakeFiles/CMakeTmp

Run Build Command:"/usr/bin/make" "cmTC_3da62/fast"
/Library/Developer/CommandLineTools/usr/bin/make -f CMakeFiles/cmTC_3da62.dir/build.make CMakeFiles/cmTC_3da62.dir/build
Building C object CMakeFiles/cmTC_3da62.dir/CheckFunctionExists.c.o
/Library/Developer/CommandLineTools/usr/bin/cc    -g -O3 -DCHECK_FUNCTION_EXISTS=fseeko64   -o CMakeFiles/cmTC_3da62.dir/CheckFunctionExists.c.o   -c /usr/local/Cellar/cmake/3.7.1/share/cmake/Modules/CheckFunctionExists.c
Linking C executable cmTC_3da62
/usr/local/Cellar/cmake/3.7.1/bin/cmake -E cmake_link_script CMakeFiles/cmTC_3da62.dir/link.txt --verbose=1
/Library/Developer/CommandLineTools/usr/bin/cc  -g -O3 -DCHECK_FUNCTION_EXISTS=fseeko64 -Wl,-search_paths_first -Wl,-headerpad_max_install_names   CMakeFiles/cmTC_3da62.dir/CheckFunctionExists.c.o  -o cmTC_3da62  
Undefined symbols for architecture x86_64:
  "_fseeko64", referenced from:
      _main in CheckFunctionExists.c.o
ld: symbol(s) not found for architecture x86_64
clang: error: linker command failed with exit code 1 (use -v to see invocation)
make[1]: *** [cmTC_3da62] Error 1
make: *** [cmTC_3da62/fast] Error 2


Performing C SOURCE FILE Test HAVE_SEM_TIMEDWAIT failed with the following output:
Change Dir: /Users/muresanvladmihail/Programming/CLove/build_android/CMakeFiles/CMakeTmp

Run Build Command:"/usr/bin/make" "cmTC_a99fd/fast"
/Library/Developer/CommandLineTools/usr/bin/make -f CMakeFiles/cmTC_a99fd.dir/build.make CMakeFiles/cmTC_a99fd.dir/build
Building C object CMakeFiles/cmTC_a99fd.dir/src.c.o
/Library/Developer/CommandLineTools/usr/bin/cc    -g -O3 -DHAVE_SEM_TIMEDWAIT -D_THREAD_SAFE   -o CMakeFiles/cmTC_a99fd.dir/src.c.o   -c /Users/muresanvladmihail/Programming/CLove/build_android/CMakeFiles/CMakeTmp/src.c
/Users/muresanvladmihail/Programming/CLove/build_android/CMakeFiles/CMakeTmp/src.c:5:19: warning: implicit declaration of function 'sem_timedwait' is invalid in C99 [-Wimplicit-function-declaration]
                  sem_timedwait(NULL, NULL);
                  ^
1 warning generated.
Linking C executable cmTC_a99fd
/usr/local/Cellar/cmake/3.7.1/bin/cmake -E cmake_link_script CMakeFiles/cmTC_a99fd.dir/link.txt --verbose=1
/Library/Developer/CommandLineTools/usr/bin/cc  -g -O3 -DHAVE_SEM_TIMEDWAIT -D_THREAD_SAFE -Wl,-search_paths_first -Wl,-headerpad_max_install_names   CMakeFiles/cmTC_a99fd.dir/src.c.o  -o cmTC_a99fd  
Undefined symbols for architecture x86_64:
  "_sem_timedwait", referenced from:
      _main in src.c.o
ld: symbol(s) not found for architecture x86_64
clang: error: linker command failed with exit code 1 (use -v to see invocation)
make[1]: *** [cmTC_a99fd] Error 1
make: *** [cmTC_a99fd/fast] Error 2

Source file was:

              #include <pthread.h>
              #include <semaphore.h>
              int main(int argc, char **argv) {
                  sem_timedwait(NULL, NULL);
                  return 0;
              }
Performing C SOURCE FILE Test HAVE_PTHREAD_SPINLOCK failed with the following output:
Change Dir: /Users/muresanvladmihail/Programming/CLove/build_android/CMakeFiles/CMakeTmp

Run Build Command:"/usr/bin/make" "cmTC_8342f/fast"
/Library/Developer/CommandLineTools/usr/bin/make -f CMakeFiles/cmTC_8342f.dir/build.make CMakeFiles/cmTC_8342f.dir/build
Building C object CMakeFiles/cmTC_8342f.dir/src.c.o
/Library/Developer/CommandLineTools/usr/bin/cc    -g -O3 -DHAVE_PTHREAD_SPINLOCK -D_THREAD_SAFE   -o CMakeFiles/cmTC_8342f.dir/src.c.o   -c /Users/muresanvladmihail/Programming/CLove/build_android/CMakeFiles/CMakeTmp/src.c
/Users/muresanvladmihail/Programming/CLove/build_android/CMakeFiles/CMakeTmp/src.c:4:15: warning: implicit declaration of function 'pthread_spin_trylock' is invalid in C99 [-Wimplicit-function-declaration]
              pthread_spin_trylock(NULL);
              ^
1 warning generated.
Linking C executable cmTC_8342f
/usr/local/Cellar/cmake/3.7.1/bin/cmake -E cmake_link_script CMakeFiles/cmTC_8342f.dir/link.txt --verbose=1
/Library/Developer/CommandLineTools/usr/bin/cc  -g -O3 -DHAVE_PTHREAD_SPINLOCK -D_THREAD_SAFE -Wl,-search_paths_first -Wl,-headerpad_max_install_names   CMakeFiles/cmTC_8342f.dir/src.c.o  -o cmTC_8342f  
Undefined symbols for architecture x86_64:
  "_pthread_spin_trylock", referenced from:
      _main in src.c.o
ld: symbol(s) not found for architecture x86_64
clang: error: linker command failed with exit code 1 (use -v to see invocation)
make[1]: *** [cmTC_8342f] Error 1
make: *** [cmTC_8342f/fast] Error 2

Source file was:

          #include <pthread.h>
          int main(int argc, char** argv) {
              pthread_spin_trylock(NULL);
              return 0;
          }
Determining if the function pthread_set_name_np exists failed with the following output:
Change Dir: /Users/muresanvladmihail/Programming/CLove/build_android/CMakeFiles/CMakeTmp

Run Build Command:"/usr/bin/make" "cmTC_24a0d/fast"
/Library/Developer/CommandLineTools/usr/bin/make -f CMakeFiles/cmTC_24a0d.dir/build.make CMakeFiles/cmTC_24a0d.dir/build
Building C object CMakeFiles/cmTC_24a0d.dir/CheckFunctionExists.c.o
/Library/Developer/CommandLineTools/usr/bin/cc    -g -O3 -DCHECK_FUNCTION_EXISTS=pthread_set_name_np -D_THREAD_SAFE   -o CMakeFiles/cmTC_24a0d.dir/CheckFunctionExists.c.o   -c /usr/local/Cellar/cmake/3.7.1/share/cmake/Modules/CheckFunctionExists.c
Linking C executable cmTC_24a0d
/usr/local/Cellar/cmake/3.7.1/bin/cmake -E cmake_link_script CMakeFiles/cmTC_24a0d.dir/link.txt --verbose=1
/Library/Developer/CommandLineTools/usr/bin/cc  -g -O3 -DCHECK_FUNCTION_EXISTS=pthread_set_name_np -D_THREAD_SAFE -Wl,-search_paths_first -Wl,-headerpad_max_install_names   CMakeFiles/cmTC_24a0d.dir/CheckFunctionExists.c.o  -o cmTC_24a0d  
Undefined symbols for architecture x86_64:
  "_pthread_set_name_np", referenced from:
      _main in CheckFunctionExists.c.o
ld: symbol(s) not found for architecture x86_64
clang: error: linker command failed with exit code 1 (use -v to see invocation)
make[1]: *** [cmTC_24a0d] Error 1
make: *** [cmTC_24a0d/fast] Error 2


