Performing C SOURCE FILE Test HAVE_GCC_PROTECTED_VISIBILITY failed with the following output:
Change Dir: /Users/muresanvladmihail/Programming/CLove/test/CMakeFiles/CMakeTmp

Run Build Command:"/usr/bin/make" "cmTC_ed9cf/fast"
/Library/Developer/CommandLineTools/usr/bin/make -f CMakeFiles/cmTC_ed9cf.dir/build.make CMakeFiles/cmTC_ed9cf.dir/build
Building C object CMakeFiles/cmTC_ed9cf.dir/src.c.o
/Library/Developer/CommandLineTools/usr/bin/cc    -std=c99  -O2 -g -DNDEBUG -DANDROID_NDK -DDISABLE_IMPORTGL -DHAVE_GCC_PROTECTED_VISIBILITY  -D_GNU_SOURCE=1 -D_POSIX_C_SOURCE=200809L -D_XOPEN_SOURCE=700 -Wattributes -Werror   -o CMakeFiles/cmTC_ed9cf.dir/src.c.o   -c /Users/muresanvladmihail/Programming/CLove/test/CMakeFiles/CMakeTmp/src.c
/Users/muresanvladmihail/Programming/CLove/test/CMakeFiles/CMakeTmp/src.c:1:26: error: target does not support 'protected' visibility; using 'default' [-Werror,-Wunsupported-visibility]
int foo() __attribute__((visibility("protected")));
                         ^
1 error generated.
make[1]: *** [CMakeFiles/cmTC_ed9cf.dir/src.c.o] Error 1
make: *** [cmTC_ed9cf/fast] Error 2

Source file was:
int foo() __attribute__((visibility("protected")));
                             int main() {return 0;}
Determining if the include file malloc.h exists failed with the following output:
Change Dir: /Users/muresanvladmihail/Programming/CLove/test/CMakeFiles/CMakeTmp

Run Build Command:"/usr/bin/make" "cmTC_71a05/fast"
/Library/Developer/CommandLineTools/usr/bin/make -f CMakeFiles/cmTC_71a05.dir/build.make CMakeFiles/cmTC_71a05.dir/build
Building C object CMakeFiles/cmTC_71a05.dir/CheckIncludeFile.c.o
/Library/Developer/CommandLineTools/usr/bin/cc    -std=c99  -O2 -g -DNDEBUG -DANDROID_NDK -DDISABLE_IMPORTGL  -D_GNU_SOURCE=1 -D_POSIX_C_SOURCE=200809L -D_XOPEN_SOURCE=700   -o CMakeFiles/cmTC_71a05.dir/CheckIncludeFile.c.o   -c /Users/muresanvladmihail/Programming/CLove/test/CMakeFiles/CMakeTmp/CheckIncludeFile.c
/Users/muresanvladmihail/Programming/CLove/test/CMakeFiles/CMakeTmp/CheckIncludeFile.c:1:10: fatal error: 'malloc.h' file not found
#include <malloc.h>
         ^
1 error generated.
make[1]: *** [CMakeFiles/cmTC_71a05.dir/CheckIncludeFile.c.o] Error 1
make: *** [cmTC_71a05/fast] Error 2


Determining if the include file io.h exists failed with the following output:
Change Dir: /Users/muresanvladmihail/Programming/CLove/test/CMakeFiles/CMakeTmp

Run Build Command:"/usr/bin/make" "cmTC_e9374/fast"
/Library/Developer/CommandLineTools/usr/bin/make -f CMakeFiles/cmTC_e9374.dir/build.make CMakeFiles/cmTC_e9374.dir/build
Building C object CMakeFiles/cmTC_e9374.dir/CheckIncludeFile.c.o
/Library/Developer/CommandLineTools/usr/bin/cc    -std=c99  -O2 -g -DNDEBUG -DANDROID_NDK -DDISABLE_IMPORTGL  -D_GNU_SOURCE=1 -D_POSIX_C_SOURCE=200809L -D_XOPEN_SOURCE=700   -o CMakeFiles/cmTC_e9374.dir/CheckIncludeFile.c.o   -c /Users/muresanvladmihail/Programming/CLove/test/CMakeFiles/CMakeTmp/CheckIncludeFile.c
/Users/muresanvladmihail/Programming/CLove/test/CMakeFiles/CMakeTmp/CheckIncludeFile.c:1:10: fatal error: 'io.h' file not found
#include <io.h>
         ^
1 error generated.
make[1]: *** [CMakeFiles/cmTC_e9374.dir/CheckIncludeFile.c.o] Error 1
make: *** [cmTC_e9374/fast] Error 2


Determining if the include file sys/sysconf.h exists failed with the following output:
Change Dir: /Users/muresanvladmihail/Programming/CLove/test/CMakeFiles/CMakeTmp

Run Build Command:"/usr/bin/make" "cmTC_41142/fast"
/Library/Developer/CommandLineTools/usr/bin/make -f CMakeFiles/cmTC_41142.dir/build.make CMakeFiles/cmTC_41142.dir/build
Building C object CMakeFiles/cmTC_41142.dir/CheckIncludeFile.c.o
/Library/Developer/CommandLineTools/usr/bin/cc    -std=c99  -O2 -g -DNDEBUG -DANDROID_NDK -DDISABLE_IMPORTGL  -D_GNU_SOURCE=1 -D_POSIX_C_SOURCE=200809L -D_XOPEN_SOURCE=700   -o CMakeFiles/cmTC_41142.dir/CheckIncludeFile.c.o   -c /Users/muresanvladmihail/Programming/CLove/test/CMakeFiles/CMakeTmp/CheckIncludeFile.c
/Users/muresanvladmihail/Programming/CLove/test/CMakeFiles/CMakeTmp/CheckIncludeFile.c:1:10: fatal error: 'sys/sysconf.h' file not found
#include <sys/sysconf.h>
         ^
1 error generated.
make[1]: *** [CMakeFiles/cmTC_41142.dir/CheckIncludeFile.c.o] Error 1
make: *** [cmTC_41142/fast] Error 2


Determining if the include file ieeefp.h exists failed with the following output:
Change Dir: /Users/muresanvladmihail/Programming/CLove/test/CMakeFiles/CMakeTmp

Run Build Command:"/usr/bin/make" "cmTC_3ba9c/fast"
/Library/Developer/CommandLineTools/usr/bin/make -f CMakeFiles/cmTC_3ba9c.dir/build.make CMakeFiles/cmTC_3ba9c.dir/build
Building C object CMakeFiles/cmTC_3ba9c.dir/CheckIncludeFile.c.o
/Library/Developer/CommandLineTools/usr/bin/cc    -std=c99  -O2 -g -DNDEBUG -DANDROID_NDK -DDISABLE_IMPORTGL  -D_GNU_SOURCE=1 -D_POSIX_C_SOURCE=200809L -D_XOPEN_SOURCE=700   -o CMakeFiles/cmTC_3ba9c.dir/CheckIncludeFile.c.o   -c /Users/muresanvladmihail/Programming/CLove/test/CMakeFiles/CMakeTmp/CheckIncludeFile.c
/Users/muresanvladmihail/Programming/CLove/test/CMakeFiles/CMakeTmp/CheckIncludeFile.c:1:10: fatal error: 'ieeefp.h' file not found
#include <ieeefp.h>
         ^
1 error generated.
make[1]: *** [CMakeFiles/cmTC_3ba9c.dir/CheckIncludeFile.c.o] Error 1
make: *** [cmTC_3ba9c/fast] Error 2


Determining if the include file guiddef.h exists failed with the following output:
Change Dir: /Users/muresanvladmihail/Programming/CLove/test/CMakeFiles/CMakeTmp

Run Build Command:"/usr/bin/make" "cmTC_23ff2/fast"
/Library/Developer/CommandLineTools/usr/bin/make -f CMakeFiles/cmTC_23ff2.dir/build.make CMakeFiles/cmTC_23ff2.dir/build
Building C object CMakeFiles/cmTC_23ff2.dir/CheckIncludeFile.c.o
/Library/Developer/CommandLineTools/usr/bin/cc    -std=c99  -O2 -g -DNDEBUG -DANDROID_NDK -DDISABLE_IMPORTGL  -D_GNU_SOURCE=1 -D_POSIX_C_SOURCE=200809L -D_XOPEN_SOURCE=700   -o CMakeFiles/cmTC_23ff2.dir/CheckIncludeFile.c.o   -c /Users/muresanvladmihail/Programming/CLove/test/CMakeFiles/CMakeTmp/CheckIncludeFile.c
/Users/muresanvladmihail/Programming/CLove/test/CMakeFiles/CMakeTmp/CheckIncludeFile.c:1:10: fatal error: 'guiddef.h' file not found
#include <guiddef.h>
         ^
1 error generated.
make[1]: *** [CMakeFiles/cmTC_23ff2.dir/CheckIncludeFile.c.o] Error 1
make: *** [cmTC_23ff2/fast] Error 2


Determining if the include file initguid.h exists failed with the following output:
Change Dir: /Users/muresanvladmihail/Programming/CLove/test/CMakeFiles/CMakeTmp

Run Build Command:"/usr/bin/make" "cmTC_c3c1c/fast"
/Library/Developer/CommandLineTools/usr/bin/make -f CMakeFiles/cmTC_c3c1c.dir/build.make CMakeFiles/cmTC_c3c1c.dir/build
Building C object CMakeFiles/cmTC_c3c1c.dir/CheckIncludeFile.c.o
/Library/Developer/CommandLineTools/usr/bin/cc    -std=c99  -O2 -g -DNDEBUG -DANDROID_NDK -DDISABLE_IMPORTGL  -D_GNU_SOURCE=1 -D_POSIX_C_SOURCE=200809L -D_XOPEN_SOURCE=700   -o CMakeFiles/cmTC_c3c1c.dir/CheckIncludeFile.c.o   -c /Users/muresanvladmihail/Programming/CLove/test/CMakeFiles/CMakeTmp/CheckIncludeFile.c
/Users/muresanvladmihail/Programming/CLove/test/CMakeFiles/CMakeTmp/CheckIncludeFile.c:1:10: fatal error: 'initguid.h' file not found
#include <initguid.h>
         ^
1 error generated.
make[1]: *** [CMakeFiles/cmTC_c3c1c.dir/CheckIncludeFile.c.o] Error 1
make: *** [cmTC_c3c1c/fast] Error 2


Determining if the aligned_alloc exist failed with the following output:
Change Dir: /Users/muresanvladmihail/Programming/CLove/test/CMakeFiles/CMakeTmp

Run Build Command:"/usr/bin/make" "cmTC_3b259/fast"
/Library/Developer/CommandLineTools/usr/bin/make -f CMakeFiles/cmTC_3b259.dir/build.make CMakeFiles/cmTC_3b259.dir/build
Building C object CMakeFiles/cmTC_3b259.dir/CheckSymbolExists.c.o
/Library/Developer/CommandLineTools/usr/bin/cc    -std=c99  -O2 -g -DNDEBUG -DANDROID_NDK -DDISABLE_IMPORTGL  -D_GNU_SOURCE=1 -D_POSIX_C_SOURCE=200809L -D_XOPEN_SOURCE=700   -o CMakeFiles/cmTC_3b259.dir/CheckSymbolExists.c.o   -c /Users/muresanvladmihail/Programming/CLove/test/CMakeFiles/CMakeTmp/CheckSymbolExists.c
/Users/muresanvladmihail/Programming/CLove/test/CMakeFiles/CMakeTmp/CheckSymbolExists.c:8:19: error: use of undeclared identifier 'aligned_alloc'
  return ((int*)(&aligned_alloc))[argc];
                  ^
1 error generated.
make[1]: *** [CMakeFiles/cmTC_3b259.dir/CheckSymbolExists.c.o] Error 1
make: *** [cmTC_3b259/fast] Error 2

File /Users/muresanvladmihail/Programming/CLove/test/CMakeFiles/CMakeTmp/CheckSymbolExists.c:
/* */
#include <stdlib.h>

int main(int argc, char** argv)
{
  (void)argv;
#ifndef aligned_alloc
  return ((int*)(&aligned_alloc))[argc];
#else
  (void)argc;
  return 0;
#endif
}

Determining if the _aligned_malloc exist failed with the following output:
Change Dir: /Users/muresanvladmihail/Programming/CLove/test/CMakeFiles/CMakeTmp

Run Build Command:"/usr/bin/make" "cmTC_9d0c0/fast"
/Library/Developer/CommandLineTools/usr/bin/make -f CMakeFiles/cmTC_9d0c0.dir/build.make CMakeFiles/cmTC_9d0c0.dir/build
Building C object CMakeFiles/cmTC_9d0c0.dir/CheckSymbolExists.c.o
/Library/Developer/CommandLineTools/usr/bin/cc    -std=c99  -O2 -g -DNDEBUG -DANDROID_NDK -DDISABLE_IMPORTGL  -D_GNU_SOURCE=1 -D_POSIX_C_SOURCE=200809L -D_XOPEN_SOURCE=700   -o CMakeFiles/cmTC_9d0c0.dir/CheckSymbolExists.c.o   -c /Users/muresanvladmihail/Programming/CLove/test/CMakeFiles/CMakeTmp/CheckSymbolExists.c
/Users/muresanvladmihail/Programming/CLove/test/CMakeFiles/CMakeTmp/CheckSymbolExists.c:2:10: fatal error: 'malloc.h' file not found
#include <malloc.h>
         ^
1 error generated.
make[1]: *** [CMakeFiles/cmTC_9d0c0.dir/CheckSymbolExists.c.o] Error 1
make: *** [cmTC_9d0c0/fast] Error 2

File /Users/muresanvladmihail/Programming/CLove/test/CMakeFiles/CMakeTmp/CheckSymbolExists.c:
/* */
#include <malloc.h>

int main(int argc, char** argv)
{
  (void)argv;
#ifndef _aligned_malloc
  return ((int*)(&_aligned_malloc))[argc];
#else
  (void)argc;
  return 0;
#endif
}

Determining if the _controlfp exist failed with the following output:
Change Dir: /Users/muresanvladmihail/Programming/CLove/test/CMakeFiles/CMakeTmp

Run Build Command:"/usr/bin/make" "cmTC_f2134/fast"
/Library/Developer/CommandLineTools/usr/bin/make -f CMakeFiles/cmTC_f2134.dir/build.make CMakeFiles/cmTC_f2134.dir/build
Building C object CMakeFiles/cmTC_f2134.dir/CheckSymbolExists.c.o
/Library/Developer/CommandLineTools/usr/bin/cc    -std=c99  -O2 -g -DNDEBUG -DANDROID_NDK -DDISABLE_IMPORTGL  -D_GNU_SOURCE=1 -D_POSIX_C_SOURCE=200809L -D_XOPEN_SOURCE=700   -o CMakeFiles/cmTC_f2134.dir/CheckSymbolExists.c.o   -c /Users/muresanvladmihail/Programming/CLove/test/CMakeFiles/CMakeTmp/CheckSymbolExists.c
/Users/muresanvladmihail/Programming/CLove/test/CMakeFiles/CMakeTmp/CheckSymbolExists.c:8:19: error: use of undeclared identifier '_controlfp'
  return ((int*)(&_controlfp))[argc];
                  ^
1 error generated.
make[1]: *** [CMakeFiles/cmTC_f2134.dir/CheckSymbolExists.c.o] Error 1
make: *** [cmTC_f2134/fast] Error 2

File /Users/muresanvladmihail/Programming/CLove/test/CMakeFiles/CMakeTmp/CheckSymbolExists.c:
/* */
#include <float.h>

int main(int argc, char** argv)
{
  (void)argv;
#ifndef _controlfp
  return ((int*)(&_controlfp))[argc];
#else
  (void)argc;
  return 0;
#endif
}

Determining if the __control87_2 exist failed with the following output:
Change Dir: /Users/muresanvladmihail/Programming/CLove/test/CMakeFiles/CMakeTmp

Run Build Command:"/usr/bin/make" "cmTC_d9c6d/fast"
/Library/Developer/CommandLineTools/usr/bin/make -f CMakeFiles/cmTC_d9c6d.dir/build.make CMakeFiles/cmTC_d9c6d.dir/build
Building C object CMakeFiles/cmTC_d9c6d.dir/CheckSymbolExists.c.o
/Library/Developer/CommandLineTools/usr/bin/cc    -std=c99  -O2 -g -DNDEBUG -DANDROID_NDK -DDISABLE_IMPORTGL  -D_GNU_SOURCE=1 -D_POSIX_C_SOURCE=200809L -D_XOPEN_SOURCE=700   -o CMakeFiles/cmTC_d9c6d.dir/CheckSymbolExists.c.o   -c /Users/muresanvladmihail/Programming/CLove/test/CMakeFiles/CMakeTmp/CheckSymbolExists.c
/Users/muresanvladmihail/Programming/CLove/test/CMakeFiles/CMakeTmp/CheckSymbolExists.c:8:19: error: use of undeclared identifier '__control87_2'
  return ((int*)(&__control87_2))[argc];
                  ^
1 error generated.
make[1]: *** [CMakeFiles/cmTC_d9c6d.dir/CheckSymbolExists.c.o] Error 1
make: *** [cmTC_d9c6d/fast] Error 2

File /Users/muresanvladmihail/Programming/CLove/test/CMakeFiles/CMakeTmp/CheckSymbolExists.c:
/* */
#include <float.h>

int main(int argc, char** argv)
{
  (void)argv;
#ifndef __control87_2
  return ((int*)(&__control87_2))[argc];
#else
  (void)argc;
  return 0;
#endif
}

Determining if the include file android/api-level.h exists failed with the following output:
Change Dir: /Users/muresanvladmihail/Programming/CLove/test/CMakeFiles/CMakeTmp

Run Build Command:"/usr/bin/make" "cmTC_06791/fast"
/Library/Developer/CommandLineTools/usr/bin/make -f CMakeFiles/cmTC_06791.dir/build.make CMakeFiles/cmTC_06791.dir/build
Building C object CMakeFiles/cmTC_06791.dir/CheckIncludeFile.c.o
/Library/Developer/CommandLineTools/usr/bin/cc    -std=c99  -O2 -g -DNDEBUG -DANDROID_NDK -DDISABLE_IMPORTGL  -D_GNU_SOURCE=1 -D_POSIX_C_SOURCE=200809L -D_XOPEN_SOURCE=700   -o CMakeFiles/cmTC_06791.dir/CheckIncludeFile.c.o   -c /Users/muresanvladmihail/Programming/CLove/test/CMakeFiles/CMakeTmp/CheckIncludeFile.c
/Users/muresanvladmihail/Programming/CLove/test/CMakeFiles/CMakeTmp/CheckIncludeFile.c:1:10: fatal error: 'android/api-level.h' file not found
#include <android/api-level.h>
         ^
1 error generated.
make[1]: *** [CMakeFiles/cmTC_06791.dir/CheckIncludeFile.c.o] Error 1
make: *** [cmTC_06791/fast] Error 2


Determining if the include file windows.h exists failed with the following output:
Change Dir: /Users/muresanvladmihail/Programming/CLove/test/CMakeFiles/CMakeTmp

Run Build Command:"/usr/bin/make" "cmTC_d9112/fast"
/Library/Developer/CommandLineTools/usr/bin/make -f CMakeFiles/cmTC_d9112.dir/build.make CMakeFiles/cmTC_d9112.dir/build
Building C object CMakeFiles/cmTC_d9112.dir/CheckIncludeFile.c.o
/Library/Developer/CommandLineTools/usr/bin/cc    -std=c99  -O2 -g -DNDEBUG -DANDROID_NDK -DDISABLE_IMPORTGL -D_WIN32_WINNT=0x0502  -D_GNU_SOURCE=1 -D_POSIX_C_SOURCE=200809L -D_XOPEN_SOURCE=700   -o CMakeFiles/cmTC_d9112.dir/CheckIncludeFile.c.o   -c /Users/muresanvladmihail/Programming/CLove/test/CMakeFiles/CMakeTmp/CheckIncludeFile.c
/Users/muresanvladmihail/Programming/CLove/test/CMakeFiles/CMakeTmp/CheckIncludeFile.c:1:10: fatal error: 'windows.h' file not found
#include <windows.h>
         ^
1 error generated.
make[1]: *** [CMakeFiles/cmTC_d9112.dir/CheckIncludeFile.c.o] Error 1
make: *** [cmTC_d9112/fast] Error 2


Determining if files pthread.h;pthread_np.h exist failed with the following output:
Change Dir: /Users/muresanvladmihail/Programming/CLove/test/CMakeFiles/CMakeTmp

Run Build Command:"/usr/bin/make" "cmTC_2097c/fast"
/Library/Developer/CommandLineTools/usr/bin/make -f CMakeFiles/cmTC_2097c.dir/build.make CMakeFiles/cmTC_2097c.dir/build
Building C object CMakeFiles/cmTC_2097c.dir/CheckIncludeFiles.c.o
/Library/Developer/CommandLineTools/usr/bin/cc    -std=c99  -O2 -g -DNDEBUG -DANDROID_NDK -DDISABLE_IMPORTGL  -D_GNU_SOURCE=1 -D_POSIX_C_SOURCE=200809L -D_XOPEN_SOURCE=700   -o CMakeFiles/cmTC_2097c.dir/CheckIncludeFiles.c.o   -c /Users/muresanvladmihail/Programming/CLove/test/CMakeFiles/CMakeTmp/CheckIncludeFiles.c
/Users/muresanvladmihail/Programming/CLove/test/CMakeFiles/CMakeTmp/CheckIncludeFiles.c:3:10: fatal error: 'pthread_np.h' file not found
#include <pthread_np.h>
         ^
1 error generated.
make[1]: *** [CMakeFiles/cmTC_2097c.dir/CheckIncludeFiles.c.o] Error 1
make: *** [cmTC_2097c/fast] Error 2

Source:
/* */
#include <pthread.h>
#include <pthread_np.h>


int main(void){return 0;}

Determining if the pthread_setname_np exist failed with the following output:
Change Dir: /Users/muresanvladmihail/Programming/CLove/test/CMakeFiles/CMakeTmp

Run Build Command:"/usr/bin/make" "cmTC_ae4c1/fast"
/Library/Developer/CommandLineTools/usr/bin/make -f CMakeFiles/cmTC_ae4c1.dir/build.make CMakeFiles/cmTC_ae4c1.dir/build
Building C object CMakeFiles/cmTC_ae4c1.dir/CheckSymbolExists.c.o
/Library/Developer/CommandLineTools/usr/bin/cc    -std=c99  -O2 -g -DNDEBUG -DANDROID_NDK -DDISABLE_IMPORTGL  -D_GNU_SOURCE=1 -D_POSIX_C_SOURCE=200809L -D_XOPEN_SOURCE=700 -pthread   -o CMakeFiles/cmTC_ae4c1.dir/CheckSymbolExists.c.o   -c /Users/muresanvladmihail/Programming/CLove/test/CMakeFiles/CMakeTmp/CheckSymbolExists.c
/Users/muresanvladmihail/Programming/CLove/test/CMakeFiles/CMakeTmp/CheckSymbolExists.c:8:19: error: use of undeclared identifier 'pthread_setname_np'
  return ((int*)(&pthread_setname_np))[argc];
                  ^
1 error generated.
make[1]: *** [CMakeFiles/cmTC_ae4c1.dir/CheckSymbolExists.c.o] Error 1
make: *** [cmTC_ae4c1/fast] Error 2

File /Users/muresanvladmihail/Programming/CLove/test/CMakeFiles/CMakeTmp/CheckSymbolExists.c:
/* */
#include <pthread.h>

int main(int argc, char** argv)
{
  (void)argv;
#ifndef pthread_setname_np
  return ((int*)(&pthread_setname_np))[argc];
#else
  (void)argc;
  return 0;
#endif
}

Determining if the pthread_set_name_np exist failed with the following output:
Change Dir: /Users/muresanvladmihail/Programming/CLove/test/CMakeFiles/CMakeTmp

Run Build Command:"/usr/bin/make" "cmTC_617f9/fast"
/Library/Developer/CommandLineTools/usr/bin/make -f CMakeFiles/cmTC_617f9.dir/build.make CMakeFiles/cmTC_617f9.dir/build
Building C object CMakeFiles/cmTC_617f9.dir/CheckSymbolExists.c.o
/Library/Developer/CommandLineTools/usr/bin/cc    -std=c99  -O2 -g -DNDEBUG -DANDROID_NDK -DDISABLE_IMPORTGL  -D_GNU_SOURCE=1 -D_POSIX_C_SOURCE=200809L -D_XOPEN_SOURCE=700 -pthread   -o CMakeFiles/cmTC_617f9.dir/CheckSymbolExists.c.o   -c /Users/muresanvladmihail/Programming/CLove/test/CMakeFiles/CMakeTmp/CheckSymbolExists.c
/Users/muresanvladmihail/Programming/CLove/test/CMakeFiles/CMakeTmp/CheckSymbolExists.c:8:19: error: use of undeclared identifier 'pthread_set_name_np'
  return ((int*)(&pthread_set_name_np))[argc];
                  ^
1 error generated.
make[1]: *** [CMakeFiles/cmTC_617f9.dir/CheckSymbolExists.c.o] Error 1
make: *** [cmTC_617f9/fast] Error 2

File /Users/muresanvladmihail/Programming/CLove/test/CMakeFiles/CMakeTmp/CheckSymbolExists.c:
/* */
#include <pthread.h>

int main(int argc, char** argv)
{
  (void)argv;
#ifndef pthread_set_name_np
  return ((int*)(&pthread_set_name_np))[argc];
#else
  (void)argc;
  return 0;
#endif
}

Determining if the pthread_mutex_timedlock exist failed with the following output:
Change Dir: /Users/muresanvladmihail/Programming/CLove/test/CMakeFiles/CMakeTmp

Run Build Command:"/usr/bin/make" "cmTC_56b1a/fast"
/Library/Developer/CommandLineTools/usr/bin/make -f CMakeFiles/cmTC_56b1a.dir/build.make CMakeFiles/cmTC_56b1a.dir/build
Building C object CMakeFiles/cmTC_56b1a.dir/CheckSymbolExists.c.o
/Library/Developer/CommandLineTools/usr/bin/cc    -std=c99  -O2 -g -DNDEBUG -DANDROID_NDK -DDISABLE_IMPORTGL  -D_GNU_SOURCE=1 -D_POSIX_C_SOURCE=200809L -D_XOPEN_SOURCE=700 -pthread   -o CMakeFiles/cmTC_56b1a.dir/CheckSymbolExists.c.o   -c /Users/muresanvladmihail/Programming/CLove/test/CMakeFiles/CMakeTmp/CheckSymbolExists.c
/Users/muresanvladmihail/Programming/CLove/test/CMakeFiles/CMakeTmp/CheckSymbolExists.c:8:19: error: use of undeclared identifier 'pthread_mutex_timedlock'; did you mean 'pthread_mutex_trylock'?
  return ((int*)(&pthread_mutex_timedlock))[argc];
                  ^~~~~~~~~~~~~~~~~~~~~~~
                  pthread_mutex_trylock
/usr/include/pthread.h:362:5: note: 'pthread_mutex_trylock' declared here
int pthread_mutex_trylock(pthread_mutex_t *);
    ^
1 error generated.
make[1]: *** [CMakeFiles/cmTC_56b1a.dir/CheckSymbolExists.c.o] Error 1
make: *** [cmTC_56b1a/fast] Error 2

File /Users/muresanvladmihail/Programming/CLove/test/CMakeFiles/CMakeTmp/CheckSymbolExists.c:
/* */
#include <pthread.h>

int main(int argc, char** argv)
{
  (void)argv;
#ifndef pthread_mutex_timedlock
  return ((int*)(&pthread_mutex_timedlock))[argc];
#else
  (void)argc;
  return 0;
#endif
}

Determining if the function clock_gettime exists in the rt failed with the following output:
Change Dir: /Users/muresanvladmihail/Programming/CLove/test/CMakeFiles/CMakeTmp

Run Build Command:"/usr/bin/make" "cmTC_18993/fast"
/Library/Developer/CommandLineTools/usr/bin/make -f CMakeFiles/cmTC_18993.dir/build.make CMakeFiles/cmTC_18993.dir/build
Building C object CMakeFiles/cmTC_18993.dir/CheckFunctionExists.c.o
/Library/Developer/CommandLineTools/usr/bin/cc    -std=c99  -O2 -g -DNDEBUG -DANDROID_NDK -DDISABLE_IMPORTGL -DCHECK_FUNCTION_EXISTS=clock_gettime  -D_GNU_SOURCE=1 -D_POSIX_C_SOURCE=200809L -D_XOPEN_SOURCE=700 -pthread   -o CMakeFiles/cmTC_18993.dir/CheckFunctionExists.c.o   -c /usr/local/Cellar/cmake/3.7.1/share/cmake/Modules/CheckFunctionExists.c
Linking C executable cmTC_18993
/usr/local/Cellar/cmake/3.7.1/bin/cmake -E cmake_link_script CMakeFiles/cmTC_18993.dir/link.txt --verbose=1
/Library/Developer/CommandLineTools/usr/bin/cc  -std=c99  -O2 -g -DNDEBUG -DANDROID_NDK -DDISABLE_IMPORTGL -DCHECK_FUNCTION_EXISTS=clock_gettime  -D_GNU_SOURCE=1 -D_POSIX_C_SOURCE=200809L -D_XOPEN_SOURCE=700 -pthread -Wl,-search_paths_first -Wl,-headerpad_max_install_names   CMakeFiles/cmTC_18993.dir/CheckFunctionExists.c.o  -o cmTC_18993  -lrt -lm 
clang: warning: argument unused during compilation: '-pthread'
ld: library not found for -lrt
clang: error: linker command failed with exit code 1 (use -v to see invocation)
make[1]: *** [cmTC_18993] Error 1
make: *** [cmTC_18993/fast] Error 2


Determining if the include file arm_neon.h exists failed with the following output:
Change Dir: /Users/muresanvladmihail/Programming/CLove/test/CMakeFiles/CMakeTmp

Run Build Command:"/usr/bin/make" "cmTC_0f0ed/fast"
/Library/Developer/CommandLineTools/usr/bin/make -f CMakeFiles/cmTC_0f0ed.dir/build.make CMakeFiles/cmTC_0f0ed.dir/build
Building C object CMakeFiles/cmTC_0f0ed.dir/CheckIncludeFile.c.o
/Library/Developer/CommandLineTools/usr/bin/cc    -std=c99  -O2 -g -DNDEBUG -DANDROID_NDK -DDISABLE_IMPORTGL  -D_GNU_SOURCE=1 -D_POSIX_C_SOURCE=200809L -D_XOPEN_SOURCE=700 -pthread   -o CMakeFiles/cmTC_0f0ed.dir/CheckIncludeFile.c.o   -c /Users/muresanvladmihail/Programming/CLove/test/CMakeFiles/CMakeTmp/CheckIncludeFile.c
In file included from /Users/muresanvladmihail/Programming/CLove/test/CMakeFiles/CMakeTmp/CheckIncludeFile.c:1:
/Library/Developer/CommandLineTools/usr/bin/../lib/clang/8.0.0/include/arm_neon.h:28:2: error: "NEON support not enabled"
#error "NEON support not enabled"
 ^
/Library/Developer/CommandLineTools/usr/bin/../lib/clang/8.0.0/include/arm_neon.h:48:24: error: 'neon_vector_type' attribute is not supported for this target
typedef __attribute__((neon_vector_type(8))) int8_t int8x8_t;
                       ^
/Library/Developer/CommandLineTools/usr/bin/../lib/clang/8.0.0/include/arm_neon.h:49:24: error: 'neon_vector_type' attribute is not supported for this target
typedef __attribute__((neon_vector_type(16))) int8_t int8x16_t;
                       ^
/Library/Developer/CommandLineTools/usr/bin/../lib/clang/8.0.0/include/arm_neon.h:50:24: error: 'neon_vector_type' attribute is not supported for this target
typedef __attribute__((neon_vector_type(4))) int16_t int16x4_t;
                       ^
/Library/Developer/CommandLineTools/usr/bin/../lib/clang/8.0.0/include/arm_neon.h:51:24: error: 'neon_vector_type' attribute is not supported for this target
typedef __attribute__((neon_vector_type(8))) int16_t int16x8_t;
                       ^
/Library/Developer/CommandLineTools/usr/bin/../lib/clang/8.0.0/include/arm_neon.h:52:24: error: 'neon_vector_type' attribute is not supported for this target
typedef __attribute__((neon_vector_type(2))) int32_t int32x2_t;
                       ^
/Library/Developer/CommandLineTools/usr/bin/../lib/clang/8.0.0/include/arm_neon.h:53:24: error: 'neon_vector_type' attribute is not supported for this target
typedef __attribute__((neon_vector_type(4))) int32_t int32x4_t;
                       ^
/Library/Developer/CommandLineTools/usr/bin/../lib/clang/8.0.0/include/arm_neon.h:54:24: error: 'neon_vector_type' attribute is not supported for this target
typedef __attribute__((neon_vector_type(1))) int64_t int64x1_t;
                       ^
/Library/Developer/CommandLineTools/usr/bin/../lib/clang/8.0.0/include/arm_neon.h:55:24: error: 'neon_vector_type' attribute is not supported for this target
typedef __attribute__((neon_vector_type(2))) int64_t int64x2_t;
                       ^
/Library/Developer/CommandLineTools/usr/bin/../lib/clang/8.0.0/include/arm_neon.h:56:24: error: 'neon_vector_type' attribute is not supported for this target
typedef __attribute__((neon_vector_type(8))) uint8_t uint8x8_t;
                       ^
/Library/Developer/CommandLineTools/usr/bin/../lib/clang/8.0.0/include/arm_neon.h:57:24: error: 'neon_vector_type' attribute is not supported for this target
typedef __attribute__((neon_vector_type(16))) uint8_t uint8x16_t;
                       ^
/Library/Developer/CommandLineTools/usr/bin/../lib/clang/8.0.0/include/arm_neon.h:58:24: error: 'neon_vector_type' attribute is not supported for this target
typedef __attribute__((neon_vector_type(4))) uint16_t uint16x4_t;
                       ^
/Library/Developer/CommandLineTools/usr/bin/../lib/clang/8.0.0/include/arm_neon.h:59:24: error: 'neon_vector_type' attribute is not supported for this target
typedef __attribute__((neon_vector_type(8))) uint16_t uint16x8_t;
                       ^
/Library/Developer/CommandLineTools/usr/bin/../lib/clang/8.0.0/include/arm_neon.h:60:24: error: 'neon_vector_type' attribute is not supported for this target
typedef __attribute__((neon_vector_type(2))) uint32_t uint32x2_t;
                       ^
/Library/Developer/CommandLineTools/usr/bin/../lib/clang/8.0.0/include/arm_neon.h:61:24: error: 'neon_vector_type' attribute is not supported for this target
typedef __attribute__((neon_vector_type(4))) uint32_t uint32x4_t;
                       ^
/Library/Developer/CommandLineTools/usr/bin/../lib/clang/8.0.0/include/arm_neon.h:62:24: error: 'neon_vector_type' attribute is not supported for this target
typedef __attribute__((neon_vector_type(1))) uint64_t uint64x1_t;
                       ^
/Library/Developer/CommandLineTools/usr/bin/../lib/clang/8.0.0/include/arm_neon.h:63:24: error: 'neon_vector_type' attribute is not supported for this target
typedef __attribute__((neon_vector_type(2))) uint64_t uint64x2_t;
                       ^
/Library/Developer/CommandLineTools/usr/bin/../lib/clang/8.0.0/include/arm_neon.h:64:24: error: 'neon_vector_type' attribute is not supported for this target
typedef __attribute__((neon_vector_type(4))) float16_t float16x4_t;
                       ^
/Library/Developer/CommandLineTools/usr/bin/../lib/clang/8.0.0/include/arm_neon.h:65:24: error: 'neon_vector_type' attribute is not supported for this target
typedef __attribute__((neon_vector_type(8))) float16_t float16x8_t;
                       ^
fatal error: too many errors emitted, stopping now [-ferror-limit=]
20 errors generated.
make[1]: *** [CMakeFiles/cmTC_0f0ed.dir/CheckIncludeFile.c.o] Error 1
make: *** [cmTC_0f0ed/fast] Error 2


Determining if files SLES/OpenSLES.h;SLES/OpenSLES_Android.h exist failed with the following output:
Change Dir: /Users/muresanvladmihail/Programming/CLove/test/CMakeFiles/CMakeTmp

Run Build Command:"/usr/bin/make" "cmTC_7d484/fast"
/Library/Developer/CommandLineTools/usr/bin/make -f CMakeFiles/cmTC_7d484.dir/build.make CMakeFiles/cmTC_7d484.dir/build
Building C object CMakeFiles/cmTC_7d484.dir/CheckIncludeFiles.c.o
/Library/Developer/CommandLineTools/usr/bin/cc    -std=c99  -O2 -g -DNDEBUG -DANDROID_NDK -DDISABLE_IMPORTGL  -D_GNU_SOURCE=1 -D_POSIX_C_SOURCE=200809L -D_XOPEN_SOURCE=700 -pthread   -o CMakeFiles/cmTC_7d484.dir/CheckIncludeFiles.c.o   -c /Users/muresanvladmihail/Programming/CLove/test/CMakeFiles/CMakeTmp/CheckIncludeFiles.c
/Users/muresanvladmihail/Programming/CLove/test/CMakeFiles/CMakeTmp/CheckIncludeFiles.c:2:10: fatal error: 'SLES/OpenSLES.h' file not found
#include <SLES/OpenSLES.h>
         ^
1 error generated.
make[1]: *** [CMakeFiles/cmTC_7d484.dir/CheckIncludeFiles.c.o] Error 1
make: *** [cmTC_7d484/fast] Error 2

Source:
/* */
#include <SLES/OpenSLES.h>
#include <SLES/OpenSLES_Android.h>


int main(void){return 0;}

Performing C SOURCE FILE Test HAVE_GCC_PREFERRED_STACK_BOUNDARY failed with the following output:
Change Dir: /Users/muresanvladmihail/Programming/CLove/test/CMakeFiles/CMakeTmp

Run Build Command:"/usr/bin/make" "cmTC_77bd3/fast"
/Library/Developer/CommandLineTools/usr/bin/make -f CMakeFiles/cmTC_77bd3.dir/build.make CMakeFiles/cmTC_77bd3.dir/build
Building C object CMakeFiles/cmTC_77bd3.dir/src.c.o
/Library/Developer/CommandLineTools/usr/bin/cc    -g -O3 -DHAVE_GCC_PREFERRED_STACK_BOUNDARY -mpreferred-stack-boundary=2   -o CMakeFiles/cmTC_77bd3.dir/src.c.o   -c /Users/muresanvladmihail/Programming/CLove/test/CMakeFiles/CMakeTmp/src.c
clang: error: unknown argument: '-mpreferred-stack-boundary=2'
make[1]: *** [CMakeFiles/cmTC_77bd3.dir/src.c.o] Error 1
make: *** [cmTC_77bd3/fast] Error 2

Source file was:
int x = 0; int main(int argc, char **argv) {}
Performing C SOURCE FILE Test HAVE_ALTIVEC_H_HDR failed with the following output:
Change Dir: /Users/muresanvladmihail/Programming/CLove/test/CMakeFiles/CMakeTmp

Run Build Command:"/usr/bin/make" "cmTC_5abad/fast"
/Library/Developer/CommandLineTools/usr/bin/make -f CMakeFiles/cmTC_5abad.dir/build.make CMakeFiles/cmTC_5abad.dir/build
Building C object CMakeFiles/cmTC_5abad.dir/src.c.o
/Library/Developer/CommandLineTools/usr/bin/cc    -g -O3 -DHAVE_ALTIVEC_H_HDR -maltivec   -o CMakeFiles/cmTC_5abad.dir/src.c.o   -c /Users/muresanvladmihail/Programming/CLove/test/CMakeFiles/CMakeTmp/src.c
clang: error: invalid argument '-faltivec' only allowed with 'ppc/ppc64/ppc64le'
make[1]: *** [CMakeFiles/cmTC_5abad.dir/src.c.o] Error 1
make: *** [cmTC_5abad/fast] Error 2

Source file was:

          #include <altivec.h>
          vector unsigned int vzero() {
              return vec_splat_u32(0);
          }
          int main(int argc, char **argv) { }
Performing C SOURCE FILE Test HAVE_ALTIVEC failed with the following output:
Change Dir: /Users/muresanvladmihail/Programming/CLove/test/CMakeFiles/CMakeTmp

Run Build Command:"/usr/bin/make" "cmTC_6aae8/fast"
/Library/Developer/CommandLineTools/usr/bin/make -f CMakeFiles/cmTC_6aae8.dir/build.make CMakeFiles/cmTC_6aae8.dir/build
Building C object CMakeFiles/cmTC_6aae8.dir/src.c.o
/Library/Developer/CommandLineTools/usr/bin/cc    -g -O3 -DHAVE_ALTIVEC -maltivec   -o CMakeFiles/cmTC_6aae8.dir/src.c.o   -c /Users/muresanvladmihail/Programming/CLove/test/CMakeFiles/CMakeTmp/src.c
clang: error: invalid argument '-faltivec' only allowed with 'ppc/ppc64/ppc64le'
make[1]: *** [CMakeFiles/cmTC_6aae8.dir/src.c.o] Error 1
make: *** [cmTC_6aae8/fast] Error 2

Source file was:

          vector unsigned int vzero() {
              return vec_splat_u32(0);
          }
          int main(int argc, char **argv) { }
Determining if the function _strrev exists failed with the following output:
Change Dir: /Users/muresanvladmihail/Programming/CLove/test/CMakeFiles/CMakeTmp

Run Build Command:"/usr/bin/make" "cmTC_ec18b/fast"
/Library/Developer/CommandLineTools/usr/bin/make -f CMakeFiles/cmTC_ec18b.dir/build.make CMakeFiles/cmTC_ec18b.dir/build
Building C object CMakeFiles/cmTC_ec18b.dir/CheckFunctionExists.c.o
/Library/Developer/CommandLineTools/usr/bin/cc    -g -O3 -DCHECK_FUNCTION_EXISTS=_strrev   -o CMakeFiles/cmTC_ec18b.dir/CheckFunctionExists.c.o   -c /usr/local/Cellar/cmake/3.7.1/share/cmake/Modules/CheckFunctionExists.c
Linking C executable cmTC_ec18b
/usr/local/Cellar/cmake/3.7.1/bin/cmake -E cmake_link_script CMakeFiles/cmTC_ec18b.dir/link.txt --verbose=1
/Library/Developer/CommandLineTools/usr/bin/cc  -g -O3 -DCHECK_FUNCTION_EXISTS=_strrev -Wl,-search_paths_first -Wl,-headerpad_max_install_names   CMakeFiles/cmTC_ec18b.dir/CheckFunctionExists.c.o  -o cmTC_ec18b  
Undefined symbols for architecture x86_64:
  "__strrev", referenced from:
      _main in CheckFunctionExists.c.o
ld: symbol(s) not found for architecture x86_64
clang: error: linker command failed with exit code 1 (use -v to see invocation)
make[1]: *** [cmTC_ec18b] Error 1
make: *** [cmTC_ec18b/fast] Error 2


Determining if the function _strupr exists failed with the following output:
Change Dir: /Users/muresanvladmihail/Programming/CLove/test/CMakeFiles/CMakeTmp

Run Build Command:"/usr/bin/make" "cmTC_d974e/fast"
/Library/Developer/CommandLineTools/usr/bin/make -f CMakeFiles/cmTC_d974e.dir/build.make CMakeFiles/cmTC_d974e.dir/build
Building C object CMakeFiles/cmTC_d974e.dir/CheckFunctionExists.c.o
/Library/Developer/CommandLineTools/usr/bin/cc    -g -O3 -DCHECK_FUNCTION_EXISTS=_strupr   -o CMakeFiles/cmTC_d974e.dir/CheckFunctionExists.c.o   -c /usr/local/Cellar/cmake/3.7.1/share/cmake/Modules/CheckFunctionExists.c
Linking C executable cmTC_d974e
/usr/local/Cellar/cmake/3.7.1/bin/cmake -E cmake_link_script CMakeFiles/cmTC_d974e.dir/link.txt --verbose=1
/Library/Developer/CommandLineTools/usr/bin/cc  -g -O3 -DCHECK_FUNCTION_EXISTS=_strupr -Wl,-search_paths_first -Wl,-headerpad_max_install_names   CMakeFiles/cmTC_d974e.dir/CheckFunctionExists.c.o  -o cmTC_d974e  
Undefined symbols for architecture x86_64:
  "__strupr", referenced from:
      _main in CheckFunctionExists.c.o
ld: symbol(s) not found for architecture x86_64
clang: error: linker command failed with exit code 1 (use -v to see invocation)
make[1]: *** [cmTC_d974e] Error 1
make: *** [cmTC_d974e/fast] Error 2


Determining if the function _strlwr exists failed with the following output:
Change Dir: /Users/muresanvladmihail/Programming/CLove/test/CMakeFiles/CMakeTmp

Run Build Command:"/usr/bin/make" "cmTC_6b7d8/fast"
/Library/Developer/CommandLineTools/usr/bin/make -f CMakeFiles/cmTC_6b7d8.dir/build.make CMakeFiles/cmTC_6b7d8.dir/build
Building C object CMakeFiles/cmTC_6b7d8.dir/CheckFunctionExists.c.o
/Library/Developer/CommandLineTools/usr/bin/cc    -g -O3 -DCHECK_FUNCTION_EXISTS=_strlwr   -o CMakeFiles/cmTC_6b7d8.dir/CheckFunctionExists.c.o   -c /usr/local/Cellar/cmake/3.7.1/share/cmake/Modules/CheckFunctionExists.c
Linking C executable cmTC_6b7d8
/usr/local/Cellar/cmake/3.7.1/bin/cmake -E cmake_link_script CMakeFiles/cmTC_6b7d8.dir/link.txt --verbose=1
/Library/Developer/CommandLineTools/usr/bin/cc  -g -O3 -DCHECK_FUNCTION_EXISTS=_strlwr -Wl,-search_paths_first -Wl,-headerpad_max_install_names   CMakeFiles/cmTC_6b7d8.dir/CheckFunctionExists.c.o  -o cmTC_6b7d8  
Undefined symbols for architecture x86_64:
  "__strlwr", referenced from:
      _main in CheckFunctionExists.c.o
ld: symbol(s) not found for architecture x86_64
clang: error: linker command failed with exit code 1 (use -v to see invocation)
make[1]: *** [cmTC_6b7d8] Error 1
make: *** [cmTC_6b7d8/fast] Error 2


Determining if the function itoa exists failed with the following output:
Change Dir: /Users/muresanvladmihail/Programming/CLove/test/CMakeFiles/CMakeTmp

Run Build Command:"/usr/bin/make" "cmTC_100e9/fast"
/Library/Developer/CommandLineTools/usr/bin/make -f CMakeFiles/cmTC_100e9.dir/build.make CMakeFiles/cmTC_100e9.dir/build
Building C object CMakeFiles/cmTC_100e9.dir/CheckFunctionExists.c.o
/Library/Developer/CommandLineTools/usr/bin/cc    -g -O3 -DCHECK_FUNCTION_EXISTS=itoa   -o CMakeFiles/cmTC_100e9.dir/CheckFunctionExists.c.o   -c /usr/local/Cellar/cmake/3.7.1/share/cmake/Modules/CheckFunctionExists.c
Linking C executable cmTC_100e9
/usr/local/Cellar/cmake/3.7.1/bin/cmake -E cmake_link_script CMakeFiles/cmTC_100e9.dir/link.txt --verbose=1
/Library/Developer/CommandLineTools/usr/bin/cc  -g -O3 -DCHECK_FUNCTION_EXISTS=itoa -Wl,-search_paths_first -Wl,-headerpad_max_install_names   CMakeFiles/cmTC_100e9.dir/CheckFunctionExists.c.o  -o cmTC_100e9  
Undefined symbols for architecture x86_64:
  "_itoa", referenced from:
      _main in CheckFunctionExists.c.o
ld: symbol(s) not found for architecture x86_64
clang: error: linker command failed with exit code 1 (use -v to see invocation)
make[1]: *** [cmTC_100e9] Error 1
make: *** [cmTC_100e9/fast] Error 2


Determining if the function _ltoa exists failed with the following output:
Change Dir: /Users/muresanvladmihail/Programming/CLove/test/CMakeFiles/CMakeTmp

Run Build Command:"/usr/bin/make" "cmTC_16dce/fast"
/Library/Developer/CommandLineTools/usr/bin/make -f CMakeFiles/cmTC_16dce.dir/build.make CMakeFiles/cmTC_16dce.dir/build
Building C object CMakeFiles/cmTC_16dce.dir/CheckFunctionExists.c.o
/Library/Developer/CommandLineTools/usr/bin/cc    -g -O3 -DCHECK_FUNCTION_EXISTS=_ltoa   -o CMakeFiles/cmTC_16dce.dir/CheckFunctionExists.c.o   -c /usr/local/Cellar/cmake/3.7.1/share/cmake/Modules/CheckFunctionExists.c
Linking C executable cmTC_16dce
/usr/local/Cellar/cmake/3.7.1/bin/cmake -E cmake_link_script CMakeFiles/cmTC_16dce.dir/link.txt --verbose=1
/Library/Developer/CommandLineTools/usr/bin/cc  -g -O3 -DCHECK_FUNCTION_EXISTS=_ltoa -Wl,-search_paths_first -Wl,-headerpad_max_install_names   CMakeFiles/cmTC_16dce.dir/CheckFunctionExists.c.o  -o cmTC_16dce  
Undefined symbols for architecture x86_64:
  "__ltoa", referenced from:
      _main in CheckFunctionExists.c.o
ld: symbol(s) not found for architecture x86_64
clang: error: linker command failed with exit code 1 (use -v to see invocation)
make[1]: *** [cmTC_16dce] Error 1
make: *** [cmTC_16dce/fast] Error 2


Determining if the function _uitoa exists failed with the following output:
Change Dir: /Users/muresanvladmihail/Programming/CLove/test/CMakeFiles/CMakeTmp

Run Build Command:"/usr/bin/make" "cmTC_b8592/fast"
/Library/Developer/CommandLineTools/usr/bin/make -f CMakeFiles/cmTC_b8592.dir/build.make CMakeFiles/cmTC_b8592.dir/build
Building C object CMakeFiles/cmTC_b8592.dir/CheckFunctionExists.c.o
/Library/Developer/CommandLineTools/usr/bin/cc    -g -O3 -DCHECK_FUNCTION_EXISTS=_uitoa   -o CMakeFiles/cmTC_b8592.dir/CheckFunctionExists.c.o   -c /usr/local/Cellar/cmake/3.7.1/share/cmake/Modules/CheckFunctionExists.c
Linking C executable cmTC_b8592
/usr/local/Cellar/cmake/3.7.1/bin/cmake -E cmake_link_script CMakeFiles/cmTC_b8592.dir/link.txt --verbose=1
/Library/Developer/CommandLineTools/usr/bin/cc  -g -O3 -DCHECK_FUNCTION_EXISTS=_uitoa -Wl,-search_paths_first -Wl,-headerpad_max_install_names   CMakeFiles/cmTC_b8592.dir/CheckFunctionExists.c.o  -o cmTC_b8592  
Undefined symbols for architecture x86_64:
  "__uitoa", referenced from:
      _main in CheckFunctionExists.c.o
ld: symbol(s) not found for architecture x86_64
clang: error: linker command failed with exit code 1 (use -v to see invocation)
make[1]: *** [cmTC_b8592] Error 1
make: *** [cmTC_b8592/fast] Error 2


Determining if the function _ultoa exists failed with the following output:
Change Dir: /Users/muresanvladmihail/Programming/CLove/test/CMakeFiles/CMakeTmp

Run Build Command:"/usr/bin/make" "cmTC_59aa2/fast"
/Library/Developer/CommandLineTools/usr/bin/make -f CMakeFiles/cmTC_59aa2.dir/build.make CMakeFiles/cmTC_59aa2.dir/build
Building C object CMakeFiles/cmTC_59aa2.dir/CheckFunctionExists.c.o
/Library/Developer/CommandLineTools/usr/bin/cc    -g -O3 -DCHECK_FUNCTION_EXISTS=_ultoa   -o CMakeFiles/cmTC_59aa2.dir/CheckFunctionExists.c.o   -c /usr/local/Cellar/cmake/3.7.1/share/cmake/Modules/CheckFunctionExists.c
Linking C executable cmTC_59aa2
/usr/local/Cellar/cmake/3.7.1/bin/cmake -E cmake_link_script CMakeFiles/cmTC_59aa2.dir/link.txt --verbose=1
/Library/Developer/CommandLineTools/usr/bin/cc  -g -O3 -DCHECK_FUNCTION_EXISTS=_ultoa -Wl,-search_paths_first -Wl,-headerpad_max_install_names   CMakeFiles/cmTC_59aa2.dir/CheckFunctionExists.c.o  -o cmTC_59aa2  
Undefined symbols for architecture x86_64:
  "__ultoa", referenced from:
      _main in CheckFunctionExists.c.o
ld: symbol(s) not found for architecture x86_64
clang: error: linker command failed with exit code 1 (use -v to see invocation)
make[1]: *** [cmTC_59aa2] Error 1
make: *** [cmTC_59aa2/fast] Error 2


Determining if the function _i64toa exists failed with the following output:
Change Dir: /Users/muresanvladmihail/Programming/CLove/test/CMakeFiles/CMakeTmp

Run Build Command:"/usr/bin/make" "cmTC_76204/fast"
/Library/Developer/CommandLineTools/usr/bin/make -f CMakeFiles/cmTC_76204.dir/build.make CMakeFiles/cmTC_76204.dir/build
Building C object CMakeFiles/cmTC_76204.dir/CheckFunctionExists.c.o
/Library/Developer/CommandLineTools/usr/bin/cc    -g -O3 -DCHECK_FUNCTION_EXISTS=_i64toa   -o CMakeFiles/cmTC_76204.dir/CheckFunctionExists.c.o   -c /usr/local/Cellar/cmake/3.7.1/share/cmake/Modules/CheckFunctionExists.c
Linking C executable cmTC_76204
/usr/local/Cellar/cmake/3.7.1/bin/cmake -E cmake_link_script CMakeFiles/cmTC_76204.dir/link.txt --verbose=1
/Library/Developer/CommandLineTools/usr/bin/cc  -g -O3 -DCHECK_FUNCTION_EXISTS=_i64toa -Wl,-search_paths_first -Wl,-headerpad_max_install_names   CMakeFiles/cmTC_76204.dir/CheckFunctionExists.c.o  -o cmTC_76204  
Undefined symbols for architecture x86_64:
  "__i64toa", referenced from:
      _main in CheckFunctionExists.c.o
ld: symbol(s) not found for architecture x86_64
clang: error: linker command failed with exit code 1 (use -v to see invocation)
make[1]: *** [cmTC_76204] Error 1
make: *** [cmTC_76204/fast] Error 2


Determining if the function _ui64toa exists failed with the following output:
Change Dir: /Users/muresanvladmihail/Programming/CLove/test/CMakeFiles/CMakeTmp

Run Build Command:"/usr/bin/make" "cmTC_c3934/fast"
/Library/Developer/CommandLineTools/usr/bin/make -f CMakeFiles/cmTC_c3934.dir/build.make CMakeFiles/cmTC_c3934.dir/build
Building C object CMakeFiles/cmTC_c3934.dir/CheckFunctionExists.c.o
/Library/Developer/CommandLineTools/usr/bin/cc    -g -O3 -DCHECK_FUNCTION_EXISTS=_ui64toa   -o CMakeFiles/cmTC_c3934.dir/CheckFunctionExists.c.o   -c /usr/local/Cellar/cmake/3.7.1/share/cmake/Modules/CheckFunctionExists.c
Linking C executable cmTC_c3934
/usr/local/Cellar/cmake/3.7.1/bin/cmake -E cmake_link_script CMakeFiles/cmTC_c3934.dir/link.txt --verbose=1
/Library/Developer/CommandLineTools/usr/bin/cc  -g -O3 -DCHECK_FUNCTION_EXISTS=_ui64toa -Wl,-search_paths_first -Wl,-headerpad_max_install_names   CMakeFiles/cmTC_c3934.dir/CheckFunctionExists.c.o  -o cmTC_c3934  
Undefined symbols for architecture x86_64:
  "__ui64toa", referenced from:
      _main in CheckFunctionExists.c.o
ld: symbol(s) not found for architecture x86_64
clang: error: linker command failed with exit code 1 (use -v to see invocation)
make[1]: *** [cmTC_c3934] Error 1
make: *** [cmTC_c3934/fast] Error 2


Determining if the function _stricmp exists failed with the following output:
Change Dir: /Users/muresanvladmihail/Programming/CLove/test/CMakeFiles/CMakeTmp

Run Build Command:"/usr/bin/make" "cmTC_745a6/fast"
/Library/Developer/CommandLineTools/usr/bin/make -f CMakeFiles/cmTC_745a6.dir/build.make CMakeFiles/cmTC_745a6.dir/build
Building C object CMakeFiles/cmTC_745a6.dir/CheckFunctionExists.c.o
/Library/Developer/CommandLineTools/usr/bin/cc    -g -O3 -DCHECK_FUNCTION_EXISTS=_stricmp   -o CMakeFiles/cmTC_745a6.dir/CheckFunctionExists.c.o   -c /usr/local/Cellar/cmake/3.7.1/share/cmake/Modules/CheckFunctionExists.c
Linking C executable cmTC_745a6
/usr/local/Cellar/cmake/3.7.1/bin/cmake -E cmake_link_script CMakeFiles/cmTC_745a6.dir/link.txt --verbose=1
/Library/Developer/CommandLineTools/usr/bin/cc  -g -O3 -DCHECK_FUNCTION_EXISTS=_stricmp -Wl,-search_paths_first -Wl,-headerpad_max_install_names   CMakeFiles/cmTC_745a6.dir/CheckFunctionExists.c.o  -o cmTC_745a6  
Undefined symbols for architecture x86_64:
  "__stricmp", referenced from:
      _main in CheckFunctionExists.c.o
ld: symbol(s) not found for architecture x86_64
clang: error: linker command failed with exit code 1 (use -v to see invocation)
make[1]: *** [cmTC_745a6] Error 1
make: *** [cmTC_745a6/fast] Error 2


Determining if the function _strnicmp exists failed with the following output:
Change Dir: /Users/muresanvladmihail/Programming/CLove/test/CMakeFiles/CMakeTmp

Run Build Command:"/usr/bin/make" "cmTC_fe344/fast"
/Library/Developer/CommandLineTools/usr/bin/make -f CMakeFiles/cmTC_fe344.dir/build.make CMakeFiles/cmTC_fe344.dir/build
Building C object CMakeFiles/cmTC_fe344.dir/CheckFunctionExists.c.o
/Library/Developer/CommandLineTools/usr/bin/cc    -g -O3 -DCHECK_FUNCTION_EXISTS=_strnicmp   -o CMakeFiles/cmTC_fe344.dir/CheckFunctionExists.c.o   -c /usr/local/Cellar/cmake/3.7.1/share/cmake/Modules/CheckFunctionExists.c
Linking C executable cmTC_fe344
/usr/local/Cellar/cmake/3.7.1/bin/cmake -E cmake_link_script CMakeFiles/cmTC_fe344.dir/link.txt --verbose=1
/Library/Developer/CommandLineTools/usr/bin/cc  -g -O3 -DCHECK_FUNCTION_EXISTS=_strnicmp -Wl,-search_paths_first -Wl,-headerpad_max_install_names   CMakeFiles/cmTC_fe344.dir/CheckFunctionExists.c.o  -o cmTC_fe344  
Undefined symbols for architecture x86_64:
  "__strnicmp", referenced from:
      _main in CheckFunctionExists.c.o
ld: symbol(s) not found for architecture x86_64
clang: error: linker command failed with exit code 1 (use -v to see invocation)
make[1]: *** [cmTC_fe344] Error 1
make: *** [cmTC_fe344/fast] Error 2


Determining if the function fseeko64 exists failed with the following output:
Change Dir: /Users/muresanvladmihail/Programming/CLove/test/CMakeFiles/CMakeTmp

Run Build Command:"/usr/bin/make" "cmTC_d5171/fast"
/Library/Developer/CommandLineTools/usr/bin/make -f CMakeFiles/cmTC_d5171.dir/build.make CMakeFiles/cmTC_d5171.dir/build
Building C object CMakeFiles/cmTC_d5171.dir/CheckFunctionExists.c.o
/Library/Developer/CommandLineTools/usr/bin/cc    -g -O3 -DCHECK_FUNCTION_EXISTS=fseeko64   -o CMakeFiles/cmTC_d5171.dir/CheckFunctionExists.c.o   -c /usr/local/Cellar/cmake/3.7.1/share/cmake/Modules/CheckFunctionExists.c
Linking C executable cmTC_d5171
/usr/local/Cellar/cmake/3.7.1/bin/cmake -E cmake_link_script CMakeFiles/cmTC_d5171.dir/link.txt --verbose=1
/Library/Developer/CommandLineTools/usr/bin/cc  -g -O3 -DCHECK_FUNCTION_EXISTS=fseeko64 -Wl,-search_paths_first -Wl,-headerpad_max_install_names   CMakeFiles/cmTC_d5171.dir/CheckFunctionExists.c.o  -o cmTC_d5171  
Undefined symbols for architecture x86_64:
  "_fseeko64", referenced from:
      _main in CheckFunctionExists.c.o
ld: symbol(s) not found for architecture x86_64
clang: error: linker command failed with exit code 1 (use -v to see invocation)
make[1]: *** [cmTC_d5171] Error 1
make: *** [cmTC_d5171/fast] Error 2


Performing C SOURCE FILE Test HAVE_SEM_TIMEDWAIT failed with the following output:
Change Dir: /Users/muresanvladmihail/Programming/CLove/test/CMakeFiles/CMakeTmp

Run Build Command:"/usr/bin/make" "cmTC_c8df2/fast"
/Library/Developer/CommandLineTools/usr/bin/make -f CMakeFiles/cmTC_c8df2.dir/build.make CMakeFiles/cmTC_c8df2.dir/build
Building C object CMakeFiles/cmTC_c8df2.dir/src.c.o
/Library/Developer/CommandLineTools/usr/bin/cc    -g -O3 -DHAVE_SEM_TIMEDWAIT -D_THREAD_SAFE   -o CMakeFiles/cmTC_c8df2.dir/src.c.o   -c /Users/muresanvladmihail/Programming/CLove/test/CMakeFiles/CMakeTmp/src.c
/Users/muresanvladmihail/Programming/CLove/test/CMakeFiles/CMakeTmp/src.c:5:19: warning: implicit declaration of function 'sem_timedwait' is invalid in C99 [-Wimplicit-function-declaration]
                  sem_timedwait(NULL, NULL);
                  ^
1 warning generated.
Linking C executable cmTC_c8df2
/usr/local/Cellar/cmake/3.7.1/bin/cmake -E cmake_link_script CMakeFiles/cmTC_c8df2.dir/link.txt --verbose=1
/Library/Developer/CommandLineTools/usr/bin/cc  -g -O3 -DHAVE_SEM_TIMEDWAIT -D_THREAD_SAFE -Wl,-search_paths_first -Wl,-headerpad_max_install_names   CMakeFiles/cmTC_c8df2.dir/src.c.o  -o cmTC_c8df2  
Undefined symbols for architecture x86_64:
  "_sem_timedwait", referenced from:
      _main in src.c.o
ld: symbol(s) not found for architecture x86_64
clang: error: linker command failed with exit code 1 (use -v to see invocation)
make[1]: *** [cmTC_c8df2] Error 1
make: *** [cmTC_c8df2/fast] Error 2

Source file was:

              #include <pthread.h>
              #include <semaphore.h>
              int main(int argc, char **argv) {
                  sem_timedwait(NULL, NULL);
                  return 0;
              }
Performing C SOURCE FILE Test HAVE_PTHREAD_SPINLOCK failed with the following output:
Change Dir: /Users/muresanvladmihail/Programming/CLove/test/CMakeFiles/CMakeTmp

Run Build Command:"/usr/bin/make" "cmTC_5f06b/fast"
/Library/Developer/CommandLineTools/usr/bin/make -f CMakeFiles/cmTC_5f06b.dir/build.make CMakeFiles/cmTC_5f06b.dir/build
Building C object CMakeFiles/cmTC_5f06b.dir/src.c.o
/Library/Developer/CommandLineTools/usr/bin/cc    -g -O3 -DHAVE_PTHREAD_SPINLOCK -D_THREAD_SAFE   -o CMakeFiles/cmTC_5f06b.dir/src.c.o   -c /Users/muresanvladmihail/Programming/CLove/test/CMakeFiles/CMakeTmp/src.c
/Users/muresanvladmihail/Programming/CLove/test/CMakeFiles/CMakeTmp/src.c:4:15: warning: implicit declaration of function 'pthread_spin_trylock' is invalid in C99 [-Wimplicit-function-declaration]
              pthread_spin_trylock(NULL);
              ^
1 warning generated.
Linking C executable cmTC_5f06b
/usr/local/Cellar/cmake/3.7.1/bin/cmake -E cmake_link_script CMakeFiles/cmTC_5f06b.dir/link.txt --verbose=1
/Library/Developer/CommandLineTools/usr/bin/cc  -g -O3 -DHAVE_PTHREAD_SPINLOCK -D_THREAD_SAFE -Wl,-search_paths_first -Wl,-headerpad_max_install_names   CMakeFiles/cmTC_5f06b.dir/src.c.o  -o cmTC_5f06b  
Undefined symbols for architecture x86_64:
  "_pthread_spin_trylock", referenced from:
      _main in src.c.o
ld: symbol(s) not found for architecture x86_64
clang: error: linker command failed with exit code 1 (use -v to see invocation)
make[1]: *** [cmTC_5f06b] Error 1
make: *** [cmTC_5f06b/fast] Error 2

Source file was:

          #include <pthread.h>
          int main(int argc, char** argv) {
              pthread_spin_trylock(NULL);
              return 0;
          }
Determining if the function pthread_set_name_np exists failed with the following output:
Change Dir: /Users/muresanvladmihail/Programming/CLove/test/CMakeFiles/CMakeTmp

Run Build Command:"/usr/bin/make" "cmTC_864c4/fast"
/Library/Developer/CommandLineTools/usr/bin/make -f CMakeFiles/cmTC_864c4.dir/build.make CMakeFiles/cmTC_864c4.dir/build
Building C object CMakeFiles/cmTC_864c4.dir/CheckFunctionExists.c.o
/Library/Developer/CommandLineTools/usr/bin/cc    -g -O3 -DCHECK_FUNCTION_EXISTS=pthread_set_name_np -D_THREAD_SAFE   -o CMakeFiles/cmTC_864c4.dir/CheckFunctionExists.c.o   -c /usr/local/Cellar/cmake/3.7.1/share/cmake/Modules/CheckFunctionExists.c
Linking C executable cmTC_864c4
/usr/local/Cellar/cmake/3.7.1/bin/cmake -E cmake_link_script CMakeFiles/cmTC_864c4.dir/link.txt --verbose=1
/Library/Developer/CommandLineTools/usr/bin/cc  -g -O3 -DCHECK_FUNCTION_EXISTS=pthread_set_name_np -D_THREAD_SAFE -Wl,-search_paths_first -Wl,-headerpad_max_install_names   CMakeFiles/cmTC_864c4.dir/CheckFunctionExists.c.o  -o cmTC_864c4  
Undefined symbols for architecture x86_64:
  "_pthread_set_name_np", referenced from:
      _main in CheckFunctionExists.c.o
ld: symbol(s) not found for architecture x86_64
clang: error: linker command failed with exit code 1 (use -v to see invocation)
make[1]: *** [cmTC_864c4] Error 1
make: *** [cmTC_864c4/fast] Error 2


